scripts/kconfig/conf -s arch/arm/Kconfig
  CHK     include/linux/version.h
  CHK     include/generated/utsrelease.h
  HOSTCC  scripts/kallsyms
  HOSTCC  scripts/conmakehash
  HOSTCC  scripts/genksyms/genksyms.o
  HOSTCC  scripts/genksyms/lex.o
  HOSTCC  scripts/genksyms/parse.o
  CC      scripts/mod/empty.o
  HOSTCC  scripts/mod/mk_elfconfig
make[1]: `include/generated/mach-types.h' is up to date.
  CC      kernel/bounds.s
  GEN     include/generated/bounds.h
  CC      arch/arm/kernel/asm-offsets.s
  MKELF   scripts/mod/elfconfig.h
  HOSTCC  scripts/mod/file2alias.o
  HOSTCC  scripts/mod/modpost.o
  HOSTCC  scripts/mod/sumversion.o
  HOSTLD  scripts/genksyms/genksyms
  GEN     include/generated/asm-offsets.h
  CALL    scripts/checksyscalls.sh
  HOSTLD  scripts/mod/modpost
  CC      init/main.o
  CHK     include/generated/compile.h
  CC      init/do_mounts.o
  CC      init/do_mounts_rd.o
  CC      init/do_mounts_initrd.o
  CC      init/initramfs.o
  CC      init/calibrate.o
  HOSTCC  usr/gen_init_cpio
  UPD     include/generated/compile.h
  CC      arch/arm/kernel/compat.o
  CC      arch/arm/mm/dma-mapping.o
  GEN     usr/initramfs_data.cpio
  CC      init/version.o
  CC      arch/arm/kernel/elf.o
  AS      arch/arm/kernel/entry-armv.o
  CC      arch/arm/common/gic.o
  CC      arch/arm/common/pl330.o
  AS      arch/arm/kernel/entry-common.o
  CC      arch/arm/kernel/irq.o
  CC      arch/arm/kernel/process.o
  LD      init/mounts.o
  AS      usr/initramfs_data.o
  LD      init/built-in.o
  CC      arch/arm/kernel/ptrace.o
  CC      arch/arm/mach-s5pv310/cpu.o
  LD      usr/built-in.o
  CC      arch/arm/kernel/return_address.o
  CC      arch/arm/mm/extable.o
  CC      arch/arm/kernel/setup.o
arch/arm/kernel/return_address.c:61: warning: #warning "TODO: return_address should use unwind tables"
arch/arm/kernel/return_address.c:61: warning: #warning "TODO: return_address should use unwind tables"
  CC      arch/arm/mm/fault.o
  CC      arch/arm/kernel/signal.o
  CC      arch/arm/mm/init.o
  CC      arch/arm/mach-s5pv310/init.o
  CC      arch/arm/kernel/sys_arm.o
arch/arm/mm/init.c: In function 'mem_init':
arch/arm/mm/init.c:644: warning: format '%08lx' expects type 'long unsigned int', but argument 12 has type 'unsigned int'
  CC      arch/arm/mm/iomap.o
  CC      arch/arm/mach-s5pv310/clock.o
  CC      arch/arm/mach-s5pv310/irq-combiner.o
  CC      arch/arm/mm/fault-armv.o
  CC      arch/arm/mach-s5pv310/gpiolib.o
  CC      arch/arm/mach-s5pv310/irq-eint.o
  LD      arch/arm/common/built-in.o
  CC      arch/arm/mach-s5pv310/setup-i2c0.o
  CC      arch/arm/kernel/stacktrace.o
  CC      arch/arm/plat-s5p/dev-uart.o
  CC      arch/arm/mach-s5pv310/dma.o
  CC      arch/arm/mach-s5pv310/dmc.o
  CC      arch/arm/mm/flush.o
  CC      arch/arm/mach-s5pv310/irq-gpio.o
  CC      arch/arm/plat-samsung/init.o
  CC      arch/arm/plat-s5p/cpu.o
  CC      arch/arm/plat-s5p/clock.o
  CC      arch/arm/plat-s5p/devs.o
  CC      arch/arm/vfp/vfpmodule.o
  AS      arch/arm/vfp/entry.o
  CC      arch/arm/mm/ioremap.o
  CC      arch/arm/kernel/time.o
  CC      arch/arm/mach-s5pv310/mct.o
  CC      arch/arm/kernel/traps.o
  CC      arch/arm/plat-samsung/clock.o
  CC      arch/arm/plat-samsung/pwm-clock.o
  AS      arch/arm/vfp/vfphw.o
  CC      arch/arm/vfp/vfpsingle.o
  CC      arch/arm/mach-s5pv310/pm.o
  CC      arch/arm/mm/mmap.o
  CC      arch/arm/mm/pgd.o
  CC      arch/arm/mm/mmu.o
  CC      arch/arm/plat-s5p/irq.o
  CC      arch/arm/kernel/armksyms.o
  CC      arch/arm/kernel/module.o
  CC      arch/arm/plat-samsung/gpio.o
  CC      arch/arm/plat-samsung/gpio-config.o
  AS      arch/arm/mach-s5pv310/sleep.o
  CC      arch/arm/mach-s5pv310/platsmp.o
  CC      arch/arm/plat-s5p/pm.o
  CC      arch/arm/vfp/vfpdouble.o
  CC      arch/arm/plat-s5p/irq-pm.o
In file included from arch/arm/mach-s5pv310/platsmp.c:30:
arch/arm/plat-s5p/include/plat/s5pv310.h:14: warning: 'struct s3c2410_uartcfg' declared inside parameter list
arch/arm/plat-s5p/include/plat/s5pv310.h:14: warning: its scope is only this definition or declaration, which is probably not what you want
  CC      arch/arm/plat-s5p/setup-mfc.o
  CC      arch/arm/kernel/smp.o
  CC      arch/arm/plat-samsung/gpiolib.o
  CC      arch/arm/kernel/smp_scu.o
  AS      arch/arm/mach-s5pv310/headsmp.o
  CC      arch/arm/mach-s5pv310/hotplug.o
  CC      arch/arm/plat-s5p/sysmmu.o
  CC      arch/arm/plat-s5p/dev-tmu.o
  CC      arch/arm/plat-samsung/clock-clksrc.o
arch/arm/plat-s5p/sysmmu.c:32: warning: function declaration isn't a prototype
  CC      arch/arm/kernel/ftrace.o
  CC      arch/arm/mach-s5pv310/cpufreq.o
  CC      arch/arm/mm/vmregion.o
  CC      arch/arm/mach-s5pv310/cpu_ppmu.o
arch/arm/mach-s5pv310/cpu_ppmu.c: In function 's5pv310_cpu_ppmu_update':
arch/arm/mach-s5pv310/cpu_ppmu.c:71: warning: unused variable 'percent'
  LD      arch/arm/plat-s5p/built-in.o
  CC      arch/arm/mach-s5pv310/cpuidle.o
  CC      arch/arm/plat-samsung/irq-uart.o
  CC      kernel/sched.o
In file included from arch/arm/mach-s5pv310/cpufreq.c:41:
arch/arm/plat-s5p/include/plat/s5pv310.h:14: warning: 'struct s3c2410_uartcfg' declared inside parameter list
arch/arm/plat-s5p/include/plat/s5pv310.h:14: warning: its scope is only this definition or declaration, which is probably not what you want
arch/arm/mach-s5pv310/cpufreq.c: In function 'iem_clock_init':
arch/arm/mach-s5pv310/cpufreq.c:1923: warning: unused variable 'clk_apc'
arch/arm/mach-s5pv310/cpufreq.c:1922: warning: unused variable 'clk_iec'
  CC      arch/arm/mm/proc-syms.o
  CC      arch/arm/mm/alignment.o
  LD      arch/arm/vfp/vfp.o
  LD      arch/arm/vfp/built-in.o
  CC      arch/arm/kernel/sys_oabi-compat.o
  CC      arch/arm/mach-s5pv310/pm-hotplug.o
arch/arm/mach-s5pv310/cpuidle.c: In function 's5p_aftr_cache_clean':
arch/arm/mach-s5pv310/cpuidle.c:558: warning: passing argument 1 of 'cpu_v7_dcache_clean_area' makes pointer from integer without a cast
/akernel1/arch/arm/include/asm/cpu-single.h:41: note: expected 'void *' but argument is of type 'long unsigned int'
arch/arm/mach-s5pv310/cpuidle.c:555: warning: unused variable 'tmp'
  CC      arch/arm/plat-samsung/irq-vic-timer.o
  CC      arch/arm/kernel/unwind.o
  CC      arch/arm/kernel/pmu.o
  CC      kernel/fork.o
  CC      arch/arm/plat-samsung/adc.o
  CC      arch/arm/mm/highmem.o
  AS      arch/arm/mm/abort-ev7.o
  CC      arch/arm/plat-samsung/dev-hsmmc2.o
  CC      arch/arm/mach-s5pv310/c1-rfkill.o
  CC      arch/arm/plat-samsung/dev-hsmmc3.o
  CC      arch/arm/kernel/perf_event.o
  CC      arch/arm/kernel/io.o
  AS      arch/arm/kernel/head.o
  CC      kernel/exec_domain.o
  AS      arch/arm/mm/pabort-v7.o
  AS      arch/arm/mm/cache-v7.o
  CC      arch/arm/plat-samsung/dev-mshc.o
  CC      kernel/panic.o
  CC      arch/arm/mm/copypage-v6.o
  CC      arch/arm/mach-s5pv310/mach-c1.o
  CC      arch/arm/plat-samsung/dev-i2c0.o
  CC      arch/arm/mm/context.o
arch/arm/mach-s5pv310/mach-c1.c:178: warning: "CONFIG_PANEL_EPIC2" is not defined
arch/arm/mach-s5pv310/mach-c1.c: In function 'm5mo_set_recording_state':
arch/arm/mach-s5pv310/mach-c1.c:1255: warning: no return statement in function returning non-void
arch/arm/mach-s5pv310/mach-c1.c: At top level:
arch/arm/mach-s5pv310/mach-c1.c:1266: warning: initialization from incompatible pointer type
  CC      arch/arm/plat-samsung/dev-i2c1.o
  CC      arch/arm/kernel/init_task.o
arch/arm/mach-s5pv310/mach-c1.c:4193: warning: initialization from incompatible pointer type
  AS      arch/arm/mm/tlb-v7.o
arch/arm/mach-s5pv310/mach-c1.c: In function 'setup_ram_console_mem':
arch/arm/mach-s5pv310/mach-c1.c:6232: warning: format '%x' expects type 'unsigned int', but argument 4 has type 'long long unsigned int'
arch/arm/mach-s5pv310/mach-c1.c:6218: warning: unused variable 'flags'
arch/arm/mach-s5pv310/mach-c1.c: At top level:
arch/arm/mach-s5pv310/mach-c1.c:6236: warning: initialization from incompatible pointer type
  CC      arch/arm/plat-samsung/dev-i2c3.o
arch/arm/mach-s5pv310/mach-c1.c:3214: warning: 'max8997_power_set_charger' defined but not used
  CC      kernel/printk.o
  CC      arch/arm/plat-samsung/dev-i2c5.o
  AS      arch/arm/mm/proc-v7.o
  CC      arch/arm/mm/cache-l2x0.o
  CC      kernel/cpu.o
  CC      kernel/exit.o
arch/arm/mm/cache-l2x0.c: In function 'l2x0_nolock_flush_all':
arch/arm/mm/cache-l2x0.c:136: warning: unused variable 'flags'
arch/arm/mm/cache-l2x0.c: In function 'l2x0_nolock_clean_all':
arch/arm/mm/cache-l2x0.c:168: warning: unused variable 'tmp'
arch/arm/mm/cache-l2x0.c:167: warning: unused variable 'flags'
  CC      arch/arm/plat-samsung/dev-i2c6.o
  LDS     arch/arm/kernel/vmlinux.lds
  LD      arch/arm/kernel/built-in.o
  LD      arch/arm/mm/built-in.o
  CC      arch/arm/plat-samsung/dev-i2c7.o
  CC      kernel/itimer.o
  CC      arch/arm/mach-s5pv310/c1-gpio.o
  CC      arch/arm/plat-samsung/dev-uart.o
  CC      arch/arm/plat-samsung/dev-rtc.o
  CC      arch/arm/mach-s5pv310/c1-panel.o
  CC      arch/arm/plat-samsung/dev-gib.o
arch/arm/mach-s5pv310/mach-c1.c:178: warning: "CONFIG_PANEL_EPIC2" is not defined
  CC      arch/arm/mach-s5pv310/mach-c1-gps.o
  TIMEC   kernel/timeconst.h
arch/arm/mach-s5pv310/mach-c1-gps.c:94: warning: initialization from incompatible pointer type
  CC      arch/arm/plat-samsung/dev-adc.o
  CC      arch/arm/plat-samsung/s3c-pl330.o
  CC      kernel/softirq.o
  CC      arch/arm/mach-s5pv310/c1-wlan.o
  CC      mm/bootmem.o
  CC      arch/arm/plat-samsung/pm.o
  CC      kernel/resource.o
  CC      arch/arm/mach-s5pv310/c1-regulator-consumer.o
  CC      mm/filemap.o
  CC      mm/mempool.o
  CC      mm/oom_kill.o
  CC      arch/arm/plat-samsung/pm-gpio.o
  CC      arch/arm/mach-s5pv310/c1-modem.o
  CC      arch/arm/plat-samsung/pd.o
  CC      arch/arm/plat-samsung/pwm.o
  CC      arch/arm/mach-s5pv310/setup-fb.o
  CC      arch/arm/mach-s5pv310/setup-fimc0.o
  CC      fs/open.o
  CC      fs/read_write.o
  CC      ipc/util.o
arch/arm/mach-s5pv310/setup-fimc0.c: In function 's3c_fimc_clk_on':
arch/arm/mach-s5pv310/setup-fimc0.c:84: warning: label 'err_clk1' defined but not used
  CC      kernel/sysctl.o
  CC      arch/arm/mach-s5pv310/setup-fimc1.o
  CC      arch/arm/mach-s5pv310/setup-fimc2.o
  LD      arch/arm/plat-samsung/built-in.o
  CC      kernel/sysctl_binary.o
  CC      arch/arm/mach-s5pv310/setup-fimc3.o
  CC      arch/arm/mach-s5pv310/setup-csis.o
arch/arm/mach-s5pv310/setup-csis.c: In function 's3c_csis0_cfg_phy_global':
arch/arm/mach-s5pv310/setup-csis.c:51: warning: suggest parentheses around comparison in operand of '&'
  CC      ipc/msgutil.o
  CC      arch/arm/mach-s5pv310/setup-i2c1.o
  CC      arch/arm/mach-s5pv310/setup-i2c3.o
  CC      kernel/capability.o
  CC      fs/file_table.o
  CC      arch/arm/mach-s5pv310/setup-i2c5.o
  CC      mm/fadvise.o
  CC      ipc/msg.o
  CC      arch/arm/mach-s5pv310/setup-i2c6.o
  CC      arch/arm/mach-s5pv310/setup-i2c7.o
  CC      arch/arm/mach-s5pv310/setup-sdhci.o
  CC      ipc/sem.o
  CC      mm/maccess.o
  CC      mm/page_alloc.o
  CC      mm/page-writeback.o
  CC      arch/arm/mach-s5pv310/setup-sdhci-gpio.o
  CC      fs/super.o
  CC      arch/arm/mach-s5pv310/setup-mshci.o
  CC      arch/arm/mach-s5pv310/setup-mshci-gpio.o
  CC      mm/readahead.o
  CC      mm/swap.o
  CC      arch/arm/mach-s5pv310/setup-tvout.o
  CC      arch/arm/mach-s5pv310/setup-usb.o
  CC      ipc/shm.o
  CC      fs/char_dev.o
  CC      fs/stat.o
  CC      security/commoncap.o
  CC      security/min_addr.o
  CC      kernel/ptrace.o
  CC      ipc/ipcns_notifier.o
  CC      kernel/timer.o
  CC      arch/arm/mach-s5pv310/dev-audio.o
  CC      kernel/user.o
  CC      ipc/syscall.o
  CC      fs/exec.o
  CC      mm/truncate.o
  CC      mm/vmscan.o
  CC      arch/arm/mach-s5pv310/dev-pd.o
  LD      security/built-in.o
  CC      ipc/ipc_sysctl.o
  CC      arch/arm/mach-s5pv310/tmu.o
  CC      arch/arm/mach-s5pv310/sec_debug.o
  CC      fs/pipe.o
  LD      ipc/built-in.o
  CC      arch/arm/mach-s5pv310/sec_getlog.o
  CC      fs/namei.o
  CC      mm/shmem.o
  CC      mm/prio_tree.o
  CC      arch/arm/mach-s5pv310/sec_gaf.o
fs/namei.c: In function 'do_unlinkat':
fs/namei.c:2310: warning: format '%0x' expects type 'unsigned int', but argument 4 has type 'struct dentry *'
  CC      crypto/api.o
  CC      arch/arm/mach-s5pv310/c1-watchdog.o
  CC      fs/fcntl.o
  CC      fs/ioctl.o
  CC      kernel/signal.o
  CC      mm/util.o
  LD      arch/arm/mach-s5pv310/built-in.o
  CC      block/elevator.o
  CC      crypto/cipher.o
  CC      crypto/compress.o
  CC      mm/mmzone.o
  CC      kernel/sys.o
  CC      kernel/kmod.o
  CC      kernel/workqueue.o
  CC      fs/readdir.o
  CC      crypto/algapi.o
  CC      mm/vmstat.o
  CC      block/blk-core.o
  CC      block/blk-tag.o
  CC      fs/select.o
  CC      fs/fifo.o
  CC      mm/backing-dev.o
  CC      mm/page_isolation.o
  CC      crypto/scatterwalk.o
  CC      kernel/pid.o
  CC      kernel/rcupdate.o
  CC      kernel/extable.o
  CC      kernel/params.o
  CC      mm/mm_init.o
  CC      crypto/proc.o
  CC      fs/dcache.o
  CC      crypto/ablkcipher.o
  CC      crypto/blkcipher.o
  CC      mm/mmu_context.o
  CC      crypto/ahash.o
  LD      drivers/auxdisplay/built-in.o
  CC      drivers/base/core.o
  CC      kernel/posix-timers.o
  CC      mm/fremap.o
  CC      mm/highmem.o
  CC      mm/madvise.o
  CC      crypto/shash.o
  CC      drivers/base/sys.o
  CC      kernel/kthread.o
  CC      block/blk-sysfs.o
  CC      kernel/wait.o
  CC      fs/inode.o
  CC      kernel/kfifo.o
  CC      mm/memory.o
  CC      drivers/base/bus.o
  CC      mm/mincore.o
  CC      mm/mlock.o
  CC      crypto/algboss.o
  CC      block/blk-barrier.o
  CC      kernel/sys_ni.o
  CC      kernel/posix-cpu-timers.o
  CC      kernel/mutex.o
  CC      drivers/base/dd.o
  CC      crypto/testmgr.o
  CC      block/blk-settings.o
  CC      fs/attr.o
  CC      block/blk-ioc.o
  CC      sound/sound_core.o
  CC      drivers/base/driver.o
  CC      kernel/hrtimer.o
  LD      sound/arm/built-in.o
  CC      fs/bad_inode.o
  LD      sound/atmel/built-in.o
  CC      sound/core/hwdep.o
  CC      drivers/base/class.o
  CC      drivers/base/platform.o
  CC      mm/mmap.o
  CC      block/blk-map.o
  CC      fs/file.o
  CC      drivers/block/brd.o
  CC      sound/core/memalloc.o
  CC      crypto/crypto_wq.o
  CC      drivers/base/cpu.o
  CC      block/blk-exec.o
  CC      kernel/rwsem.o
  LD      crypto/crypto_algapi.o
  CC      crypto/aead.o
  CC      fs/filesystems.o
  CC      drivers/block/loop.o
  CC      drivers/base/firmware.o
  CC      sound/core/pcm.o
  CC      block/blk-merge.o
  CC      kernel/nsproxy.o
  CC      mm/mprotect.o
  CC      drivers/base/init.o
  CC      drivers/base/map.o
  CC      fs/namespace.o
  LD      crypto/crypto_blkcipher.o
  CC      kernel/srcu.o
  CC      crypto/chainiv.o
  CC      mm/mremap.o
  CC      drivers/base/devres.o
  CC      block/blk-softirq.o
  CC      kernel/semaphore.o
  CC      crypto/eseqiv.o
  CC      sound/core/pcm_native.o
  LD      drivers/block/built-in.o
  CC      drivers/base/attribute_container.o
  CC      sound/core/pcm_lib.o
  CC      mm/msync.o
  CC      block/blk-timeout.o
  CC      crypto/seqiv.o
  CC      kernel/notifier.o
  CC      mm/rmap.o
  CC      drivers/base/transport_class.o
  CC      kernel/ksysfs.o
  LD      crypto/crypto_hash.o
  CC      crypto/pcompress.o
  CC      fs/seq_file.o
  CC      drivers/base/power/sysfs.o
  CC      block/blk-iopoll.o
  CC      kernel/pm_qos_params.o
  CC      drivers/base/power/main.o
  LD      crypto/cryptomgr.o
  CC      crypto/hmac.o
  CC      mm/vmalloc.o
  CC      block/blk-lib.o
  CC      block/ioctl.o
  CC      fs/xattr.o
  CC      kernel/sched_clock.o
  CC      crypto/crypto_null.o
  CC      drivers/base/power/runtime.o
  CC      kernel/cred.o
  CC      sound/core/pcm_timer.o
  CC      crypto/md5.o
  CC      sound/core/pcm_misc.o
  CC      block/genhd.o
  CC      block/scsi_ioctl.o
  CC      fs/libfs.o
  CC      crypto/sha1_generic.o
  CC      kernel/async.o
  CC      drivers/base/power/generic_ops.o
  CC      sound/core/pcm_memory.o
  CC      crypto/sha256_generic.o
  CC      mm/pagewalk.o
  LD      drivers/base/power/built-in.o
  CC      drivers/base/dma-mapping.o
  CC      drivers/base/dma-coherent.o
  CC      kernel/range.o
  CC      mm/init-mm.o
  CC      fs/fs-writeback.o
  CC      block/noop-iosched.o
  CC      sound/core/timer.o
  CC      sound/core/sound.o
  CC      mm/bounce.o
  CC      kernel/groups.o
  CC      drivers/base/firmware_class.o
  CC      crypto/sha512_generic.o
  CC      block/deadline-iosched.o
  CC      block/cfq-iosched.o
  CC      kernel/freezer.o
  CC      mm/dmapool.o
  CC      crypto/gf128mul.o
  CC      fs/pnode.o
  CC      fs/drop_caches.o
  CC      drivers/base/topology.o
  CC      kernel/profile.o
  CC      kernel/sysctl_check.o
  CC      fs/splice.o
  CC      mm/sparse.o
  CC      sound/core/init.o
  CC      drivers/base/module.o
  CC      crypto/ecb.o
  LD      drivers/base/built-in.o
  CC      drivers/bluetooth/hci_ldisc.o
  CC      drivers/bluetooth/hci_h4.o
  CC      crypto/cbc.o
  CC      kernel/stacktrace.o
  CC      mm/ashmem.o
  CC      kernel/irq/handle.o
  CC      crypto/cts.o
  CC      sound/core/memory.o
  LD      block/built-in.o
  CC      sound/core/info.o
  CC      kernel/irq/manage.o
  LD      drivers/bluetooth/bthid/built-in.o
  CC [M]  drivers/bluetooth/bthid/bthid.o
  CC      mm/slub.o
  LD      sound/drivers/mpu401/built-in.o
  LD      sound/drivers/opl3/built-in.o
  LD      sound/drivers/opl4/built-in.o
  LD      sound/drivers/pcsp/built-in.o
  LD      sound/drivers/vx/built-in.o
  CC      fs/sync.o
  LD      sound/drivers/built-in.o
  CC      sound/core/control.o
  LD      drivers/cdrom/built-in.o
  CC      mm/failslab.o
  CC      crypto/ctr.o
  CC      crypto/cryptd.o
  LD      drivers/bluetooth/hci_uart.o
  LD      drivers/bluetooth/built-in.o
  CC      drivers/char/mem.o
  CC      kernel/irq/spurious.o
  CC      kernel/irq/resend.o
  CC      fs/utimes.o
  CC      kernel/irq/chip.o
  CC      crypto/des_generic.o
  CC      crypto/twofish.o
  CC      drivers/char/random.o
  LD      drivers/clocksource/built-in.o
  CC      fs/stack.o
  CC      kernel/irq/devres.o
  CC      sound/core/misc.o
  CC      sound/core/device.o
  LD      sound/i2c/other/built-in.o
  LD      sound/i2c/built-in.o
  CC      fs/fs_struct.o
  CC      drivers/char/tty_io.o
  CC      crypto/twofish_common.o
  CC      kernel/irq/autoprobe.o
  CC      kernel/irq/proc.o
  CC      sound/core/jack.o
  CC      crypto/aes_generic.o
  CC      fs/statfs.o
  CC      fs/buffer.o
  CC      kernel/irq/pm.o
  LD      sound/core/snd.o
  LD      sound/core/snd-hwdep.o
  LD      sound/core/snd-timer.o
  LD      sound/core/snd-pcm.o
  LD      sound/core/snd-page-alloc.o
  LD      sound/core/built-in.o
  LD      sound/isa/ad1816a/built-in.o
  LD      sound/isa/ad1848/built-in.o
  LD      sound/isa/cs423x/built-in.o
  LD      sound/isa/es1688/built-in.o
  LD      sound/isa/gus/built-in.o
  CC      mm/percpu.o
  LD      sound/isa/msnd/built-in.o
  LD      sound/isa/opti9xx/built-in.o
  LD      firmware/built-in.o
  LD      sound/isa/sb/built-in.o
  LD      sound/isa/wavefront/built-in.o
  LD      sound/isa/wss/built-in.o
  CC      drivers/cpufreq/cpufreq.o
  LD      sound/isa/built-in.o
  LD      sound/mips/built-in.o
  LD      sound/parisc/built-in.o
  LD      sound/pci/ac97/built-in.o
  LD      sound/pci/ali5451/built-in.o
  LD      sound/pci/asihpi/built-in.o
  LD      sound/pci/au88x0/built-in.o
  LD      sound/pci/aw2/built-in.o
  LD      sound/pci/ca0106/built-in.o
  LD      sound/pci/cs46xx/built-in.o
  CC      kernel/power/main.o
  LD      sound/pci/cs5535audio/built-in.o
  LD      sound/pci/ctxfi/built-in.o
  LD      sound/pci/echoaudio/built-in.o
  LD      kernel/irq/built-in.o
  LD      sound/pci/emu10k1/built-in.o
  CC      kernel/power/console.o
  LD      sound/pci/hda/built-in.o
  LD      sound/pci/ice1712/built-in.o
  LD      sound/pci/korg1212/built-in.o
  LD      sound/pci/lx6464es/built-in.o
  LD      sound/pci/mixart/built-in.o
  LD      sound/pci/nm256/built-in.o
  LD      sound/pci/oxygen/built-in.o
  LD      sound/pci/pcxhr/built-in.o
  LD      sound/pci/riptide/built-in.o
  LD      sound/pci/rme9652/built-in.o
  LD      sound/pci/trident/built-in.o
  LD      sound/pci/vx222/built-in.o
  LD      sound/pci/ymfpci/built-in.o
  LD      sound/pci/built-in.o
  LD      sound/pcmcia/pdaudiocf/built-in.o
  LD      sound/pcmcia/vx/built-in.o
  LD      sound/pcmcia/built-in.o
  LD      sound/ppc/built-in.o
  LD      sound/sh/built-in.o
  CC      sound/soc/soc-core.o
  CC      mm/cma.o
  CC      kernel/power/process.o
  CC      crypto/arc4.o
  CC      drivers/char/n_tty.o
  CC      crypto/crc32c.o
  CC      kernel/power/suspend.o
  CC      drivers/cpufreq/cpufreq_stats.o
  CC      drivers/cpufreq/cpufreq_performance.o
  CC      crypto/authenc.o
  CC      mm/cma-best-fit.o
  CC      kernel/power/nvs.o
  CC      drivers/cpufreq/cpufreq_powersave.o
  LD      mm/built-in.o
  CC      drivers/cpufreq/cpufreq_userspace.o
  CC      fs/bio.o
  CC      fs/block_dev.o
  CC      kernel/power/wakelock.o
  CC      arch/arm/oprofile/../../../drivers/oprofile/oprof.o
  CC      sound/soc/soc-dapm.o
  CC      drivers/cpufreq/cpufreq_ondemand.o
  CC      crypto/rng.o
  CC      drivers/char/tty_ioctl.o
  CC      arch/arm/oprofile/../../../drivers/oprofile/cpu_buffer.o
  CC      crypto/krng.o
  CC      crypto/ansi_cprng.o
  CC      arch/arm/oprofile/../../../drivers/oprofile/buffer_sync.o
  CC      drivers/cpufreq/cpufreq_conservative.o
  CC      kernel/power/userwakelock.o
  CC      drivers/char/tty_ldisc.o
  CC      drivers/char/tty_buffer.o
  CC      fs/direct-io.o
  CC      crypto/ghash-generic.o
  CC      arch/arm/oprofile/../../../drivers/oprofile/event_buffer.o
  CC      kernel/power/earlysuspend.o
  CC      drivers/cpufreq/cpufreq_interactive.o
  CC      sound/soc/soc-jack.o
  LD      crypto/crypto.o
  LD      crypto/built-in.o
  CC      drivers/cpufreq/freq_table.o
  CC      sound/soc/soc-cache.o
  CC      arch/arm/oprofile/../../../drivers/oprofile/oprofile_files.o
  CC      drivers/char/tty_port.o
  CC      drivers/char/pty.o
  CC      kernel/power/fbearlysuspend.o
  LD      drivers/cpufreq/built-in.o
  CC      drivers/char/misc.o
  CC      arch/arm/oprofile/../../../drivers/oprofile/oprofilefs.o
  CC      arch/arm/oprofile/../../../drivers/oprofile/oprofile_stats.o
  CC      fs/mpage.o
  CC      kernel/power/poweroff.o
  CC      arch/arm/oprofile/../../../drivers/oprofile/timer_int.o
  LD      sound/sparc/built-in.o
  CC      sound/soc/soc-utils.o
  CC      fs/ioprio.o
  LD      sound/soc/a1026/built-in.o
  LD      kernel/power/built-in.o
  CC      fs/cramfs/inode.o
  CC      fs/debugfs/inode.o
  CC      kernel/time/timekeeping.o
  CC      drivers/char/vt_ioctl.o
  CC      arch/arm/oprofile/common.o
  LD      sound/soc/atmel/built-in.o
  LD      sound/soc/au1x/built-in.o
  LD      sound/soc/blackfin/built-in.o
  CC      sound/soc/codecs/mc1n2/mc1n2.o
  CC      sound/soc/codecs/mc1n2/mc1n2_dbg.o
  CC      sound/soc/codecs/mc1n2/mcdevif.o
  CC      fs/debugfs/file.o
  CC      fs/cramfs/uncompress.o
  LD      arch/arm/oprofile/oprofile.o
  LD      arch/arm/oprofile/built-in.o
  CC      net/socket.o
  CC      kernel/time/ntp.o
  CC      kernel/time/clocksource.o
  LD      fs/cramfs/cramfs.o
  LD      fs/cramfs/built-in.o
  LD      sound/spi/built-in.o
  CC      sound/soc/codecs/mc1n2/mcdevprof.o
  CC      kernel/time/jiffies.o
  CC      kernel/trace/trace_selftest_dynamic.o
  CC      kernel/mutex-debug.o
  CC      sound/soc/codecs/mc1n2/mcdriver.o
  CC      drivers/char/vc_screen.o
  CC      kernel/trace/trace_clock.o
  LD      fs/debugfs/debugfs.o
  LD      fs/debugfs/built-in.o
  CC      fs/devpts/inode.o
  CC      kernel/time/timer_list.o
  CC      arch/arm/lib/uaccess_with_memcpy.o
  CC      kernel/trace/ftrace.o
  LD      fs/devpts/devpts.o
  LD      fs/devpts/built-in.o
  CC      fs/ext2/balloc.o
  CC      drivers/char/selection.o
  AS      arch/arm/lib/ashldi3.o
  AS      arch/arm/lib/ashrdi3.o
  AS      arch/arm/lib/backtrace.o
  AS      arch/arm/lib/changebit.o
  AS      arch/arm/lib/clear_user.o
  AS      arch/arm/lib/clearbit.o
  CC      kernel/time/timecompare.o
  AS      arch/arm/lib/copy_from_user.o
  AS      arch/arm/lib/copy_page.o
  AS      arch/arm/lib/copy_to_user.o
  AS      arch/arm/lib/csumipv6.o
  AS      arch/arm/lib/csumpartial.o
  AS      arch/arm/lib/csumpartialcopy.o
  AS      arch/arm/lib/csumpartialcopyuser.o
  AS      arch/arm/lib/delay.o
  AS      arch/arm/lib/div64.o
  AS      arch/arm/lib/findbit.o
  CC      kernel/time/timeconv.o
  AS      arch/arm/lib/getuser.o
  AS      arch/arm/lib/io-readsb.o
  AS      arch/arm/lib/io-readsl.o
  AS      arch/arm/lib/io-readsw-armv4.o
  CC      sound/soc/codecs/mc1n2/mcmachdep.o
  CC      drivers/char/keyboard.o
  CC      drivers/char/consolemap.o
  AS      arch/arm/lib/io-writesb.o
  AS      arch/arm/lib/io-writesl.o
  AS      arch/arm/lib/io-writesw-armv4.o
  LD      net/802/built-in.o
  AS      arch/arm/lib/lib1funcs.o
  CC      net/bluetooth/af_bluetooth.o
  AS      arch/arm/lib/lshrdi3.o
  CC      kernel/time/clockevents.o
  AS      arch/arm/lib/memchr.o
  AS      arch/arm/lib/memcpy.o
  CC      fs/ext2/dir.o
  AS      arch/arm/lib/memmove.o
  AS      arch/arm/lib/memset.o
  AS      arch/arm/lib/memzero.o
  CC      sound/soc/codecs/mc1n2/mcpacking.o
  AS      arch/arm/lib/muldi3.o
  AS      arch/arm/lib/putuser.o
  AS      arch/arm/lib/setbit.o
  AS      arch/arm/lib/sha1.o
  AS      arch/arm/lib/strchr.o
  AS      arch/arm/lib/strncpy_from_user.o
  AS      arch/arm/lib/strnlen_user.o
  AS      arch/arm/lib/strrchr.o
  AS      arch/arm/lib/testchangebit.o
  CC      kernel/trace/ring_buffer.o
  AS      arch/arm/lib/testclearbit.o
  AS      arch/arm/lib/testsetbit.o
  CC      kernel/time/tick-common.o
  AS      arch/arm/lib/ucmpdi2.o
  LD      arch/arm/lib/built-in.o
  AR      arch/arm/lib/lib.a
  CC      kernel/trace/trace.o
  LD      sound/synth/built-in.o
  CC      sound/soc/codecs/mc1n2/mcresctrl.o
  CC      fs/ext2/file.o
  CC      kernel/time/tick-oneshot.o
  CONMK   drivers/char/consolemap_deftbl.c
  CC      drivers/char/vt.o
  CC      net/bluetooth/hci_core.o
  CC      fs/ext2/ialloc.o
  CC      kernel/time/tick-sched.o
  CC      fs/ext2/inode.o
  CC      lib/bcd.o
  LD      kernel/time/built-in.o
  CC      net/bluetooth/hci_conn.o
  CC      lib/div64.o
  CC      lib/sort.o
  LD      sound/soc/davinci/built-in.o
  CC      net/bluetooth/hci_event.o
  CC      fs/ext2/ioctl.o
  CC      fs/ext2/namei.o
  CC      lib/parser.o
  CC      sound/soc/codecs/mc1n2/mcservice.o
  CC      lib/halfmd4.o
  CC      lib/debug_locks.o
  CC      lib/random32.o
  CC      kernel/trace/trace_output.o
  CC      fs/ext2/super.o
  CC      sound/soc/codecs/mc1n2/mcdebuglog.o
  CC      sound/soc/codecs/mc1n2/mcdriver_AA.o
  CC      net/bluetooth/hci_sock.o
  CC      kernel/futex.o
  CC      lib/bust_spinlocks.o
  SHIPPED drivers/char/defkeymap.c
  CC      drivers/char/sysrq.o
  CC      lib/hexdump.o
  CC      lib/kasprintf.o
  CC      fs/ext2/symlink.o
  CC      fs/ext4/balloc.o
  CC      kernel/trace/trace_stat.o
  CC      net/bluetooth/hci_sysfs.o
  CC      lib/bitmap.o
  LD      fs/ext2/ext2.o
  LD      fs/ext2/built-in.o
  CC      fs/ext4/bitmap.o
  CC      drivers/char/hw_random/core.o
  CC      kernel/trace/trace_printk.o
  CC      kernel/trace/trace_sched_switch.o
  CC      kernel/trace/trace_functions.o
  CC      lib/scatterlist.o
  LD      drivers/char/hw_random/rng-core.o
  LD      drivers/char/hw_random/built-in.o
  CC      drivers/char/s3c_mem.o
  CC      fs/ext4/dir.o
  CC      net/bluetooth/lib.o
  CC      net/bluetooth/l2cap.o
  CC      net/bluetooth/sco.o
  CC      kernel/trace/trace_nop.o
  CC      lib/string_helpers.o
  CC      fs/ext4/file.o
  CC      drivers/char/consolemap_deftbl.o
  CC      lib/gcd.o
  CC      kernel/trace/blktrace.o
  CC      drivers/char/defkeymap.o
  CC      kernel/trace/trace_events.o
  LD      drivers/char/built-in.o
  CC      drivers/cpuidle/cpuidle.o
  CC      lib/lcm.o
  CC      fs/ext4/fsync.o
  CC      lib/list_sort.o
  LD      sound/soc/fsl/built-in.o
  CC      fs/ext4/ialloc.o
  CC      fs/ext4/inode.o
  CC      drivers/cpuidle/driver.o
  CC      lib/uuid.o
  CC      lib/iomap_copy.o
  CC      drivers/cpuidle/governor.o
  CC      drivers/cpuidle/sysfs.o
  CC      lib/devres.o
  CC      kernel/trace/trace_export.o
  CC      lib/spinlock_debug.o
  CC      drivers/cpuidle/governors/ladder.o
  CC      fs/fat/cache.o
  CC      fs/fat/dir.o
  CC      lib/find_last_bit.o
  CC      drivers/cpuidle/governors/menu.o
  CC      kernel/trace/trace_event_perf.o
  CC      lib/hweight.o
  CC      drivers/crypto/ace.o
  LD      drivers/cpuidle/governors/built-in.o
  LD      drivers/cpuidle/built-in.o
  CC      fs/fat/fatent.o
  CC      lib/kernel_lock.o
  CC      kernel/trace/trace_events_filter.o
  LD      sound/soc/codecs/mc1n2/snd-soc-mc1n2.o
  LD      sound/soc/codecs/mc1n2/built-in.o
  LD      sound/soc/codecs/built-in.o
  LD      sound/soc/imx/built-in.o
  LD      sound/soc/omap/built-in.o
  LD      sound/soc/pxa/built-in.o
  CC      sound/soc/s3c24xx/c1_mc1n2.o
  CC      net/bluetooth/hidp/core.o
  CC      lib/smp_processor_id.o
  CC      lib/bitrev.o
  CC      fs/fat/file.o
  LD      drivers/crypto/built-in.o
  LD      drivers/firmware/built-in.o
  CC      drivers/gpio/gpiolib.o
  CC      fs/ext4/ioctl.o
  CC      sound/soc/s3c24xx/s3c-dma-wrapper.o
  CC      lib/crc-ccitt.o
  CC      kernel/trace/power-traces.o
  CC      lib/crc16.o
  CC      net/bluetooth/hidp/sock.o
  CC      fs/fat/inode.o
  CC      fs/ext4/namei.o
  CC      sound/soc/s3c24xx/s3c-i2s-v2.o
  CC      sound/soc/s3c24xx/s3c-idma.o
  HOSTCC  lib/gen_crc32table
  CC      lib/libcrc32c.o
  LD      drivers/gpio/built-in.o
  LD      drivers/gpu/drm/i2c/built-in.o
  LD      drivers/gpu/drm/built-in.o
  LD      drivers/gpu/vga/built-in.o
  LD      drivers/gpu/built-in.o
  CC      drivers/hid/hid-core.o
  LD      kernel/trace/libftrace.o
  LD      kernel/trace/built-in.o
  CC      kernel/rtmutex.o
  CC      lib/reed_solomon/reed_solomon.o
  LD      net/bluetooth/hidp/hidp.o
  LD      net/bluetooth/hidp/built-in.o
  CC      net/bluetooth/rfcomm/core.o
  CC      net/bluetooth/rfcomm/sock.o
  CC      sound/soc/s3c24xx/s3c-dma.o
  CC      kernel/rtmutex-debug.o
  LD      lib/reed_solomon/built-in.o
  CC      lib/zlib_deflate/deflate.o
  CC      fs/fat/misc.o
  CC      kernel/smp.o
  CC      sound/soc/s3c24xx/s3c64xx-i2s-v4.o
  CC      lib/zlib_deflate/deftree.o
  CC      fs/ext4/super.o
  CC      fs/ext4/symlink.o
  CC      drivers/hid/hid-input.o
  CC      fs/fat/namei_msdos.o
  CC      kernel/spinlock.o
  CC      net/bluetooth/rfcomm/tty.o
  CC      kernel/uid16.o
  CC      sound/soc/s3c24xx/s5p-i2s_sec.o
  CC      lib/zlib_deflate/deflate_syms.o
  LD      lib/zlib_deflate/zlib_deflate.o
  LD      lib/zlib_deflate/built-in.o
  CC      sound/soc/s3c24xx/s5p-rp.o
  CC      lib/zlib_inflate/inffast.o
  CC      fs/fat/namei_vfat.o
  CC      kernel/module.o
  CC      lib/zlib_inflate/inflate.o
  CC      lib/zlib_inflate/infutil.o
  CC      kernel/kallsyms.o
  LD      net/bluetooth/rfcomm/rfcomm.o
  LD      net/bluetooth/rfcomm/built-in.o
  CC      drivers/hid/hid-debug.o
  LD      net/bluetooth/bluetooth.o
  LD      net/bluetooth/built-in.o
  CC      net/core/sock.o
  CC      lib/zlib_inflate/inftrees.o
  LD      fs/fat/fat.o
  LD      fs/fat/vfat.o
  CC      lib/zlib_inflate/inflate_syms.o
  LD      fs/fat/msdos.o
  LD      fs/fat/built-in.o
  CC      net/core/request_sock.o
  CC      net/core/skbuff.o
  LD      lib/zlib_inflate/zlib_inflate.o
  LD      lib/zlib_inflate/built-in.o
  CC      lib/textsearch.o
  CC      sound/soc/s3c24xx/s5p-rp_fw_att.o
  CC      drivers/hid/usbhid/hid-core.o
  CC      lib/ts_kmp.o
  CC      lib/ts_bm.o
  LD      sound/soc/s3c24xx/snd-soc-c1-mc1n2.o
  LD      sound/soc/s3c24xx/snd-soc-s3c24xx.o
  LD      sound/soc/s3c24xx/snd-soc-s3c64xx-i2s-v4.o
  LD      sound/soc/s3c24xx/snd-soc-s3c-i2s-v2.o
  LD      sound/soc/s3c24xx/snd-soc-s3c-idma.o
  LD      sound/soc/s3c24xx/snd-soc-s3c-dma-wrapper.o
  LD      sound/soc/s3c24xx/snd-soc-s5p-i2s_sec.o
  LD      sound/soc/s3c24xx/built-in.o
  LD      sound/soc/s6000/built-in.o
  LD      sound/soc/sh/built-in.o
  LD      sound/soc/txx9/built-in.o
  LD      sound/soc/snd-soc-core.o
  LD      sound/soc/built-in.o
  LD      sound/usb/caiaq/built-in.o
  LD      sound/usb/misc/built-in.o
  LD      sound/usb/usx2y/built-in.o
  LD      sound/usb/built-in.o
  CC      sound/last.o
  CC      kernel/cgroup.o
  CC      lib/ts_fsm.o
  LD      sound/soundcore.o
  LD      sound/built-in.o
  CC      kernel/cgroup_freezer.o
  CC      lib/percpu_counter.o
  CC      net/core/iovec.o
  CC      lib/fault-inject.o
  CC      lib/nlattr.o
  CC      fs/jbd2/transaction.o
  CC      drivers/hid/usbhid/hid-quirks.o
  CC      net/core/datagram.o
  CC      fs/ext4/hash.o
  LD      drivers/hid/usbhid/usbhid.o
  LD      drivers/hid/usbhid/built-in.o
  LD      drivers/hid/hid.o
  LD      drivers/hid/built-in.o
  CC      drivers/i2c/i2c-boardinfo.o
  CC      fs/ext4/resize.o
  CC      fs/ext4/extents.o
  CC      lib/argv_split.o
  CC      drivers/i2c/i2c-core.o
  CC      drivers/i2c/i2c-dev.o
  CC      lib/cmdline.o
  CC      lib/cpumask.o
  CC      fs/jbd2/commit.o
  CC      net/core/stream.o
  CC      lib/ctype.o
  CC      lib/dec_and_lock.o
  CC      net/ethernet/eth.o
  CC      kernel/res_counter.o
  CC      kernel/stop_machine.o
  CC      lib/decompress.o
  CC      lib/decompress_inflate.o
  CC      drivers/i2c/algos/i2c-algo-bit.o
  LD      drivers/idle/built-in.o
  CC      fs/jbd2/recovery.o
  CC      net/core/scm.o
  CC      lib/dump_stack.o
  CC      net/core/gen_stats.o
  CC      kernel/softlockup.o
  CC      lib/extable.o
  LD      net/ethernet/built-in.o
  CC      kernel/hung_task.o
  CC      fs/ext4/ext4_jbd2.o
  CC      lib/flex_array.o
  LD      drivers/i2c/algos/built-in.o
  CC      drivers/i2c/busses/i2c-gpio.o
  CC      fs/jbd2/checkpoint.o
  CC      fs/jbd2/revoke.o
  CC      kernel/rcutree.o
  CC      kernel/utsname_sysctl.o
  CC      lib/idr.o
  CC      net/core/gen_estimator.o
  CC      fs/ext4/migrate.o
  CC      drivers/i2c/busses/i2c-s3c2410.o
  CC      fs/jbd2/journal.o
  CC      fs/ext4/mballoc.o
  CC      net/core/net_namespace.o
  CC      lib/int_sqrt.o
  CC      lib/ioremap.o
  LD      drivers/i2c/busses/built-in.o
  LD      drivers/i2c/built-in.o
  CC      kernel/tracepoint.o
  CC      kernel/latencytop.o
  LD      drivers/ieee1394/built-in.o
  LD      drivers/ieee802154/built-in.o
  CC      drivers/input/input.o
  CC      drivers/input/input-compat.o
  CC      lib/irq_regs.o
  CC      drivers/input/serio/serio.o
  CC      kernel/elfcore.o
  CC      net/core/sysctl_net_core.o
  CC      lib/is_single_threaded.o
  CC      net/core/dev.o
  CC      kernel/sched_cpupri.o
  CC      lib/klist.o
  CC      kernel/perf_event.o
  CC      fs/ext4/block_validity.o
  CC      lib/kobject.o
  CC      drivers/input/serio/serport.o
  CC      drivers/input/ff-core.o
  CC      drivers/input/serio/libps2.o
  LD      fs/jbd2/jbd2.o
  LD      fs/jbd2/built-in.o
  LD      drivers/lguest/built-in.o
  CC      lib/kobject_uevent.o
  CC      net/core/ethtool.o
  CC      net/core/dev_addr_lists.o
  CC      drivers/input/mousedev.o
  LD      drivers/input/serio/built-in.o
  CC      drivers/input/evdev.o
  CC      fs/ext4/move_extent.o
  CC      lib/kref.o
  CC      lib/plist.o
  CC      lib/prio_heap.o
  LD      net/ieee802154/built-in.o
  LD      drivers/macintosh/built-in.o
  CC      drivers/input/keyboard/atkbd.o
  CC      net/core/dst.o
  CC      net/core/netevent.o
  CC      lib/prio_tree.o
  CC      lib/proportions.o
  CC      lib/radix-tree.o
  CC      drivers/md/dm-raid1.o
  CC      drivers/md/dm.o
  LD      fs/ext4/ext4.o
  LD      fs/ext4/built-in.o
  CC      fs/nls/nls_base.o
  CC      fs/nls/nls_cp437.o
  CC      drivers/input/keyboard/gpio_keys.o
  CC      drivers/input/keyboard/cypress/cypress-touchkey.o
  CC      lib/ratelimit.o
  CC      net/core/neighbour.o
  CC      fs/nls/nls_ascii.o
  CC      kernel/time.o
  CC      lib/rbtree.o
drivers/input/keyboard/cypress/cypress-touchkey.c: In function 'melfas_touchkey_late_resume':
drivers/input/keyboard/cypress/cypress-touchkey.c:991: warning: passing argument 1 of 'i2c_touchkey_write' from incompatible pointer type
drivers/input/keyboard/cypress/cypress-touchkey.c:272: note: expected 'u8 *' but argument is of type 'int *'
drivers/input/keyboard/cypress/cypress-touchkey.c: In function 'touch_led_control':
drivers/input/keyboard/cypress/cypress-touchkey.c:1320: warning: "CONFIG_MACH_Q1_REV02" is not defined
drivers/input/keyboard/cypress/cypress-touchkey.c: At top level:
drivers/input/keyboard/cypress/cypress-touchkey.c:149: warning: 'store_module_version' defined but not used
  CC      fs/nls/nls_iso8859-1.o
  CC      net/core/rtnetlink.o
  CC      fs/nls/nls_utf8.o
  CC      net/core/utils.o
  CC      lib/reciprocal_div.o
  CC      lib/rwsem-spinlock.o
  LD      fs/nls/built-in.o
  CC      fs/notify/fsnotify.o
  LD      kernel/built-in.o
  CC      drivers/input/keyboard/cypress/issp_driver_routines.o
  CC      fs/notify/notification.o
  CC      lib/sha1.o
  CC      drivers/input/misc/k3g.o
  CC      drivers/md/dm-table.o
  CC      drivers/input/touchscreen/mxt224_u1.o
  CC      drivers/input/keyboard/cypress/issp_main.o
  CC      lib/show_mem.o
drivers/input/touchscreen/mxt224_u1.c: In function 'mxt224_ta_probe':
drivers/input/touchscreen/mxt224_u1.c:435: warning: unused variable 'i'
drivers/input/touchscreen/mxt224_u1.c: In function 'mxt224_irq_thread':
drivers/input/touchscreen/mxt224_u1.c:1317: warning: passing argument 3 of 'get_object_info' from incompatible pointer type
drivers/input/touchscreen/mxt224_u1.c:243: note: expected 'u16 *' but argument is of type 'u8 *'
drivers/input/touchscreen/mxt224_u1.c: In function 'read_all_data':
drivers/input/touchscreen/mxt224_u1.c:1817: warning: unused variable 'qt_refrence'
drivers/input/touchscreen/mxt224_u1.c: In function 'read_all_delta_data':
drivers/input/touchscreen/mxt224_u1.c:1898: warning: unused variable 'qt_refrence'
drivers/input/touchscreen/mxt224_u1.c:1897: warning: unused variable 'min_value'
drivers/input/touchscreen/mxt224_u1.c:1897: warning: unused variable 'max_value'
drivers/input/touchscreen/mxt224_u1.c: In function 'mxt224_optical_gain':
drivers/input/touchscreen/mxt224_u1.c:1960: warning: unused variable 'register_address'
drivers/input/touchscreen/mxt224_u1.c:1959: warning: unused variable 'val'
drivers/input/touchscreen/mxt224_u1.c:1958: warning: unused variable 'gain'
drivers/input/touchscreen/mxt224_u1.c:1957: warning: unused variable 'value'
drivers/input/touchscreen/mxt224_u1.c:1956: warning: unused variable 'size_one'
drivers/input/touchscreen/mxt224_u1.c: In function 'atoi':
drivers/input/touchscreen/mxt224_u1.c:2315: warning: comparison between pointer and integer
drivers/input/touchscreen/mxt224_u1.c: In function 'disp_all_refdata_store':
drivers/input/touchscreen/mxt224_u1.c:2336: warning: passing argument 1 of 'atoi' discards qualifiers from pointer target type
drivers/input/touchscreen/mxt224_u1.c:2309: note: expected 'char *' but argument is of type 'const char *'
drivers/input/touchscreen/mxt224_u1.c: In function 'disp_all_deltadata_store':
drivers/input/touchscreen/mxt224_u1.c:2365: warning: passing argument 1 of 'atoi' discards qualifiers from pointer target type
drivers/input/touchscreen/mxt224_u1.c:2309: note: expected 'char *' but argument is of type 'const char *'
drivers/input/touchscreen/mxt224_u1.c: In function 'set_module_off_show':
drivers/input/touchscreen/mxt224_u1.c:2379: warning: unused variable 'sleep_power_cfg'
drivers/input/touchscreen/mxt224_u1.c: At top level:
drivers/input/touchscreen/mxt224_u1.c:2712: warning: initialization from incompatible pointer type
drivers/input/touchscreen/mxt224_u1.c: In function 'mxt224_probe':
drivers/input/touchscreen/mxt224_u1.c:3035: warning: assignment from incompatible pointer type
drivers/input/touchscreen/mxt224_u1.c:3038: warning: assignment from incompatible pointer type
drivers/input/touchscreen/mxt224_u1.c:3118: warning: passing argument 4 of 'read_mem' from incompatible pointer type
drivers/input/touchscreen/mxt224_u1.c:185: note: expected 'u8 *' but argument is of type 'int *'
drivers/input/touchscreen/mxt224_u1.c:2947: warning: unused variable 'value'
drivers/input/touchscreen/mxt224_u1.c: At top level:
drivers/input/touchscreen/mxt224_u1.c:167: warning: 'sleep_mode_flag' defined but not used
drivers/input/keyboard/cypress/issp_main.c: In function 'ISSP_main':
drivers/input/keyboard/cypress/issp_main.c:2549: warning: 'flags' is used uninitialized in this function
  CC      fs/notify/group.o
  CC      lib/string.o
  CC      drivers/input/keyboard/cypress/issp_routines.o
  CC      drivers/input/misc/gpio_event.o
  CC      fs/notify/inode_mark.o
  LD      fs/notify/dnotify/built-in.o
drivers/input/keyboard/cypress/issp_routines.c: In function 'fPowerCycleInitializeTargetForISSP':
drivers/input/keyboard/cypress/issp_routines.c:341: warning: ISO C90 forbids mixed declarations and code
  CC      net/ipv4/route.o
  CC      lib/vsprintf.o
  CC      net/core/link_watch.o
  CC      drivers/md/dm-target.o
  CC      drivers/input/misc/gpio_matrix.o
  CC      fs/notify/inotify/inotify.o
  LD      drivers/input/keyboard/cypress/built-in.o
  LD      drivers/input/keyboard/built-in.o
  CC      fs/notify/inotify/inotify_fsnotify.o
  LD      drivers/input/touchscreen/built-in.o
  CC      fs/notify/inotify/inotify_user.o
  CC      drivers/md/dm-linear.o
  CC      fs/partitions/check.o
  CC      net/core/filter.o
  CC      drivers/input/misc/gpio_input.o
  CC      drivers/input/misc/gpio_output.o
  CC      drivers/md/dm-stripe.o
  LD      fs/notify/inotify/built-in.o
  LD      fs/notify/built-in.o
  CC      drivers/md/dm-ioctl.o
  CC      drivers/input/misc/gpio_axis.o
  CC      net/ipv6/af_inet6.o
  GEN     lib/crc32table.h
  AR      lib/lib.a
  CC      lib/crc32.o
  CC      net/core/flow.o
  CC      fs/partitions/msdos.o
  LD      lib/built-in.o
  CC      fs/partitions/efi.o
  CC      drivers/input/misc/uinput.o
  CC      net/core/net-sysfs.o
  CC      drivers/md/dm-io.o
  CC      net/ipv4/inetpeer.o
  CC      drivers/input/misc/cm3663.o
  CC      net/ipv4/protocol.o
  CC      net/ipv4/ip_input.o
  LD      fs/partitions/built-in.o
  CC      fs/proc/mmu.o
  CC      net/ipv6/anycast.o
  CC      fs/proc/task_mmu.o
  CC      drivers/md/dm-kcopyd.o
  CC      drivers/md/dm-sysfs.o
  CC      net/core/fib_rules.o
  LD      drivers/input/misc/built-in.o
  LD      drivers/input/input-core.o
  CC      net/core/net-traces.o
  LD      drivers/input/built-in.o
  LD      fs/quota/built-in.o
  CC      drivers/md/dm-path-selector.o
  CC      net/ipv4/ip_fragment.o
  CC      net/ipv6/ip6_output.o
  CC      net/ipv6/ip6_input.o
  CC      fs/proc/inode.o
  CC      fs/proc/root.o
  CC      drivers/md/dm-mpath.o
  CC      fs/proc/base.o
  CC      drivers/md/dm-snap.o
  LD      net/core/built-in.o
  CC      net/ipv6/addrconf.o
  CC      net/ipv6/addrlabel.o
  CC      fs/proc/generic.o
  CC      net/ipv4/ip_forward.o
  CC      net/ipv4/ip_options.o
  CC      net/ipv6/route.o
  CC      net/key/af_key.o
  CC      fs/proc/array.o
  CC      drivers/md/dm-exception-store.o
  CC      drivers/md/dm-snap-transient.o
  CC      fs/proc/proc_tty.o
  CC      fs/proc/cmdline.o
  CC      net/ipv4/ip_output.o
  CC      fs/proc/cpuinfo.o
  CC      net/ipv6/ip6_fib.o
  CC      net/ipv6/ipv6_sockglue.o
  CC      drivers/md/dm-snap-persistent.o
  CC      fs/proc/devices.o
  CC      fs/proc/interrupts.o
  CC      fs/proc/loadavg.o
  CC      fs/proc/meminfo.o
  CC      drivers/md/dm-crypt.o
  LD      drivers/md/dm-multipath.o
  CC      net/netfilter/core.o
  CC      net/netlink/af_netlink.o
  CC      net/netlink/genetlink.o
  CC      fs/proc/stat.o
  LD      net/key/built-in.o
  CC      net/ipv6/ndisc.o
  CC      drivers/md/dm-round-robin.o
  CC      net/ipv4/ip_sockglue.o
  CC      fs/proc/uptime.o
  CC      net/netfilter/nf_log.o
  CC      net/netfilter/nf_queue.o
  CC      drivers/md/dm-queue-length.o
  CC      fs/proc/version.o
  CC      fs/proc/softirqs.o
  CC      net/ipv4/inet_hashtables.o
  CC      drivers/md/dm-service-time.o
  CC      fs/proc/proc_sysctl.o
  CC      fs/proc/proc_net.o
  CC      net/netfilter/nf_sockopt.o
  CC      net/ipv6/udp.o
  CC      net/ipv6/udplite.o
  LD      drivers/md/dm-snapshot.o
  LD      net/netlink/built-in.o
  CC      net/ipv6/raw.o
  LD      drivers/md/dm-mirror.o
  CC      drivers/md/dm-log.o
  CC      drivers/md/dm-region-hash.o
  CC      net/ipv4/inet_timewait_sock.o
  CC      fs/proc/kmsg.o
  CC      fs/proc/page.o
  CC      net/netfilter/nf_conntrack_core.o
  LD      drivers/media/IR/keymaps/built-in.o
  LD      drivers/media/IR/built-in.o
  CC      drivers/media/common/tuners/tuner-xc2028.o
  CC      net/netfilter/nf_conntrack_standalone.o
  LD      fs/proc/proc.o
  CC      net/netfilter/nf_conntrack_expect.o
  LD      fs/proc/built-in.o
  CC      fs/ramfs/inode.o
  CC      drivers/md/dm-zero.o
  CC      net/ipv6/protocol.o
  CC      net/ipv4/inet_connection_sock.o
  LD      drivers/md/dm-mod.o
  LD      drivers/md/built-in.o
  CC      fs/ramfs/file-mmu.o
  CC      fs/romfs/storage.o
  CC      fs/romfs/super.o
  LD      fs/ramfs/ramfs.o
  LD      fs/ramfs/built-in.o
  CC      net/ipv6/icmp.o
  CC      drivers/media/common/tuners/tuner-simple.o
  CC      net/packet/af_packet.o
  CC      fs/sysfs/inode.o
  CC      fs/sysfs/file.o
  CC      net/netfilter/nf_conntrack_helper.o
  LD      fs/romfs/romfs.o
  LD      fs/romfs/built-in.o
  CC      fs/sysfs/dir.o
  LD      drivers/media/radio/built-in.o
  CC      net/ipv4/tcp.o
  CC      net/phonet/pn_dev.o
  CC      net/rfkill/core.o
  CC      drivers/media/common/tuners/tuner-types.o
  CC      net/netfilter/nf_conntrack_proto.o
  CC      fs/sysfs/symlink.o
  CC      net/ipv6/mcast.o
  CC      drivers/media/common/tuners/mt20xx.o
  CC      net/phonet/pn_netlink.o
  LD      net/packet/built-in.o
  CC      net/phonet/socket.o
  CC      fs/sysfs/mount.o
  LD      net/rfkill/rfkill.o
  LD      net/rfkill/built-in.o
  CC      fs/sysfs/bin.o
  CC      net/netfilter/nf_conntrack_l3proto_generic.o
  CC      net/ipv6/reassembly.o
  CC      drivers/media/common/tuners/tda8290.o
  CC      drivers/media/common/tuners/tea5767.o
  CC      fs/sysfs/group.o
  CC      net/netfilter/nf_conntrack_proto_generic.o
  CC      net/phonet/datagram.o
  LD      fs/sysfs/built-in.o
  CC      fs/eventpoll.o
  CC      fs/anon_inodes.o
  CC      net/ipv4/tcp_input.o
  CC      net/netfilter/nf_conntrack_proto_tcp.o
  CC      drivers/media/common/tuners/tea5761.o
  CC      drivers/media/common/tuners/tda9887.o
  CC      net/phonet/sysctl.o
  CC      net/phonet/af_phonet.o
  CC      net/ipv6/tcp_ipv6.o
  CC      net/ipv6/exthdrs.o
  CC      fs/signalfd.o
  CC      fs/timerfd.o
  CC      drivers/media/common/tuners/xc5000.o
  CC      drivers/media/common/tuners/mc44s803.o
  CC      fs/eventfd.o
  CC      net/phonet/pep.o
  CC      net/netfilter/nf_conntrack_proto_udp.o
  CC      net/netfilter/nf_conntrack_extend.o
  CC      net/netfilter/nf_conntrack_acct.o
  LD      drivers/media/common/tuners/built-in.o
  LD      drivers/media/common/built-in.o
  CC      drivers/media/video/v4l2-dev.o
  CC      fs/aio.o
  CC      net/ipv6/datagram.o
  CC      fs/locks.o
  CC      fs/binfmt_script.o
  CC      net/netfilter/nf_conntrack_ecache.o
  CC      drivers/media/video/v4l2-ioctl.o
  CC      net/phonet/pep-gprs.o
  CC      drivers/media/video/v4l2-device.o
  CC      net/ipv6/ip6_flowlabel.o
  CC      net/netfilter/nf_conntrack_h323_main.o
  LD      net/phonet/phonet.o
  LD      net/phonet/pn_pep.o
  LD      net/phonet/built-in.o
  CC      net/netfilter/nf_conntrack_h323_asn1.o
  CC      fs/binfmt_elf.o
  CC      net/netfilter/nfnetlink.o
  CC      net/ipv4/tcp_output.o
  CC      drivers/media/video/v4l2-fh.o
  CC      net/ipv4/tcp_timer.o
  CC      net/ipv6/inet6_connection_sock.o
  CC      net/ipv6/sysctl_net_ipv6.o
  CC      net/ipv6/xfrm6_policy.o
  CC      drivers/media/video/v4l2-event.o
  CC      net/netfilter/nfnetlink_queue.o
  CC      fs/posix_acl.o
  CC      drivers/media/video/v4l2-int-device.o
  CC      drivers/media/video/v4l2-common.o
  CC      drivers/media/video/v4l1-compat.o
  CC      net/ipv6/xfrm6_state.o
  CC      net/ipv6/xfrm6_input.o
  CC      fs/xattr_acl.o
  CC      net/ipv6/xfrm6_output.o
  CC      net/netfilter/nfnetlink_log.o
  CC      fs/generic_acl.o
  CC      net/ipv4/tcp_ipv4.o
  CC      net/ipv4/tcp_minisocks.o
  CC      drivers/mfd/mfd-core.o
  CC      fs/dcookies.o
  CC      drivers/media/video/m5mo.o
  CC      drivers/misc/lkdtm.o
  CC      net/ipv6/netfilter.o
  CC      drivers/mfd/max8997.o
  LD      net/netfilter/nf_conntrack.o
  CC      net/netfilter/nf_conntrack_proto_dccp.o
  LD      fs/built-in.o
  CC      net/netfilter/nf_conntrack_proto_gre.o
  CC      drivers/misc/pmem.o
  CC      drivers/mfd/max8997-irq.o
  CC      drivers/misc/uid_stat.o
  CC      net/ipv6/fib6_rules.o
drivers/media/video/m5mo.c: In function 'm5mo_dump_fw':
drivers/media/video/m5mo.c:608: warning: 'buf' may be used uninitialized in this function
  LD      drivers/mfd/built-in.o
  CC      net/ipv4/tcp_cong.o
  CC      net/ipv4/datagram.o
drivers/media/video/m5mo.c: In function 'm5mo_set_touch_auto_focus':
drivers/media/video/m5mo.c:1691: warning: 'err' may be used uninitialized in this function
  CC      drivers/mmc/card/block.o
  CC      drivers/mmc/card/queue.o
  CC      net/netfilter/nf_conntrack_proto_sctp.o
  CC      net/ipv6/proc.o
  LD      drivers/misc/cb710/built-in.o
  CC      drivers/misc/eeprom/at24.o
In file included from drivers/mmc/card/block.c:52:
arch/arm/plat-s5p/include/plat/s5pv310.h:14: warning: 'struct s3c2410_uartcfg' declared inside parameter list
arch/arm/plat-s5p/include/plat/s5pv310.h:14: warning: its scope is only this definition or declaration, which is probably not what you want
  CC      drivers/misc/ak8975.o
  CC      net/ipv4/raw.o
  CC      drivers/media/video/s5k5bafx.o
  LD      drivers/misc/eeprom/built-in.o
  CC      net/netfilter/nf_conntrack_proto_udplite.o
  CC      drivers/mmc/core/core.o
  CC      drivers/mmc/core/bus.o
  CC      drivers/mmc/card/discard.o
  CC      net/ipv6/xfrm6_mode_transport.o
  CC      drivers/misc/k3dh.o
drivers/media/video/s5k5bafx.c: In function 's5k5bafx_write_regs':
drivers/media/video/s5k5bafx.c:552: warning: the frame size of 2120 bytes is larger than 1024 bytes
In file included from drivers/mmc/core/core.c:214:
arch/arm/plat-s5p/include/plat/s5pv310.h:14: warning: 'struct s3c2410_uartcfg' declared inside parameter list
arch/arm/plat-s5p/include/plat/s5pv310.h:14: warning: its scope is only this definition or declaration, which is probably not what you want
drivers/mmc/card/discard.c: In function '_dbg_proc_read':
drivers/mmc/card/discard.c:777: warning: format '%d' expects type 'int', but argument 3 has type 'atomic_t'
  LD      drivers/media/video/gspca/built-in.o
  CC [M]  drivers/media/video/gspca/gspca.o
  CC      drivers/media/video/samsung/fimc/fimc_dev.o
  CC      net/netfilter/nf_conntrack_netlink.o
  CC      drivers/misc/max8997-muic.o
  CC      net/ipv6/xfrm6_mode_tunnel.o
  LD      drivers/mmc/card/mmc_block.o
  LD      drivers/mmc/card/built-in.o
  CC      drivers/misc/pn544.o
  CC      net/ipv4/udp.o
drivers/misc/pn544.c: In function 'pn544_dev_ioctl':
drivers/misc/pn544.c:301: warning: format '%u' expects type 'unsigned int', but argument 3 has type 'long unsigned int'
drivers/misc/max8997-muic.c: In function 'max8997_muic_set_usb_path':
drivers/misc/max8997-muic.c:516: warning: 'cntl1_msk' may be used uninitialized in this function
  CC      drivers/mmc/core/host.o
  CC      drivers/mmc/core/mmc.o
  CC      net/ipv6/xfrm6_mode_beet.o
  CC      drivers/misc/sec_jack.o
  CC      net/ipv4/udplite.o
  CC      net/ipv6/netfilter/ip6_tables.o
  CC      drivers/mmc/core/mmc_ops.o
  CC      net/netfilter/nf_conntrack_amanda.o
  LD [M]  drivers/media/video/gspca/gspca_main.o
  CC      drivers/mmc/core/sd.o
  CC      drivers/media/video/samsung/fimc/fimc_v4l2.o
drivers/mmc/core/mmc_ops.c: In function 'mmc_send_trimsize_erase_cmd':
drivers/mmc/core/mmc_ops.c:396: warning: unused variable 'status'
drivers/mmc/core/mmc_ops.c:394: warning: unused variable 'timeout'
drivers/mmc/core/mmc_ops.c: In function 'mmc_send_trimsize':
drivers/mmc/core/mmc_ops.c:514: warning: unused variable 'status'
  LD      drivers/misc/built-in.o
  CC      drivers/media/video/samsung/fimc/fimc_capture.o
  CC      drivers/media/video/samsung/fimc/fimc_output.o
  CC      drivers/media/video/samsung/fimc/fimc_overlay.o
  CC      net/ipv6/sit.o
  CC      drivers/mmc/core/sd_ops.o
  CC      net/netfilter/nf_conntrack_ftp.o
  CC      net/ipv4/arp.o
  CC      net/ipv4/icmp.o
  LD      net/ipv6/netfilter/built-in.o
  CC      net/ipv4/devinet.o
  CC      drivers/mmc/core/sdio.o
  CC      drivers/mmc/core/sdio_ops.o
drivers/mmc/core/sdio.c: In function 'mmc_sdio_suspend':
drivers/mmc/core/sdio.c:470: warning: unused variable 'i'
drivers/mmc/core/sdio.c: In function 'mmc_sdio_resume':
drivers/mmc/core/sdio.c:505: warning: unused variable 'i'
drivers/mmc/core/sdio.c: At top level:
drivers/mmc/core/sdio.c:200: warning: 'sdio_disable_wide' defined but not used
  CC      net/ipv6/addrconf_core.o
  LD      net/netfilter/nf_conntrack_h323.o
  CC      net/netfilter/nf_conntrack_irc.o
  CC      drivers/mmc/core/sdio_bus.o
  CC      net/ipv6/exthdrs_core.o
  CC      drivers/media/video/samsung/fimc/fimc_regs.o
  CC      drivers/media/video/samsung/fimc/csis.o
  CC      net/netfilter/nf_conntrack_netbios_ns.o
  CC      net/netfilter/nf_conntrack_pptp.o
  CC      drivers/mmc/core/sdio_cis.o
  CC      drivers/mmc/core/sdio_io.o
  CC      net/ipv6/inet6_hashtables.o
  CC      net/ipv4/af_inet.o
  CC      net/ipv4/igmp.o
  CC      net/ipv4/fib_frontend.o
  CC      net/ipv4/fib_semantics.o
  LD      drivers/media/video/samsung/fimc/built-in.o
  CC      drivers/mmc/core/sdio_irq.o
  CC      drivers/media/video/samsung/fimg2d_android/fimg2d_dev.o
  CC      net/netfilter/nf_conntrack_sane.o
  LD      net/ipv6/ipv6.o
  LD      net/ipv6/built-in.o
  CC      net/netfilter/nf_conntrack_sip.o
  CC      drivers/mmc/core/debugfs.o
  CC      drivers/media/video/samsung/fimg2d_android/fimg2d_cache.o
  CC      drivers/media/video/samsung/fimg2d_android/fimg2d3x_regs.o
  CC      net/sched/sch_generic.o
  CC      net/sched/sch_mq.o
  LD      drivers/mmc/core/mmc_core.o
  LD      drivers/mmc/core/built-in.o
  CC      drivers/mmc/host/mshci.o
  CC      drivers/net/mii.o
  CC      drivers/media/video/samsung/fimg2d_android/fimg2d_core.o
  CC      drivers/mmc/host/mshci-s3c.o
  CC      drivers/mmc/host/sdhci.o
drivers/mmc/host/mshci-s3c.c:584: warning: initialization from incompatible pointer type
  CC      net/ipv4/inet_fragment.o
  LD      drivers/media/video/samsung/fimg2d_android/built-in.o
  CC      drivers/media/video/samsung/jpeg/jpeg_dev.o
  LD      net/sched/built-in.o
  CC      drivers/mmc/host/sdhci-s3c.o
  CC      drivers/net/Space.o
drivers/media/video/samsung/jpeg/jpeg_dev.c:465: warning: initialization from incompatible pointer type
drivers/media/video/samsung/jpeg/jpeg_dev.c:466: warning: initialization from incompatible pointer type
  LD      drivers/platform/built-in.o
  CC      net/ipv4/sysctl_net_ipv4.o
  CC      net/netfilter/nf_conntrack_tftp.o
  CC      net/netfilter/x_tables.o
  CC      drivers/media/video/samsung/jpeg/jpeg_mem.o
  CC      drivers/net/loopback.o
  CC      drivers/media/video/samsung/jpeg/jpeg_core.o
  CC      drivers/media/video/samsung/jpeg/jpeg_regs.o
  CC      net/unix/af_unix.o
  LD      drivers/media/video/videodev.o
  CC      net/unix/garbage.o
  CC      net/unix/sysctl_net_unix.o
  LD      drivers/mmc/host/built-in.o
  CC      net/ipv4/sysfs_net_ipv4.o
  LD      drivers/mmc/built-in.o
  CC      drivers/net/ppp_generic.o
  CC      drivers/power/power_supply_core.o
  LD      drivers/media/video/samsung/jpeg/built-in.o
  CC      drivers/media/video/samsung/mali/common/mali_kernel_core.o
  CC      drivers/power/power_supply_sysfs.o
  CC      drivers/power/sec_battery.o
  CC      drivers/power/max17042-fuelgauge.o
  CC      net/netfilter/xt_tcpudp.o
  CC      net/ipv4/fib_hash.o
  CC      drivers/media/video/samsung/mali/linux/mali_kernel_linux.o
drivers/power/max17042-fuelgauge.c: In function 'max17042_probe':
drivers/power/max17042-fuelgauge.c:858: warning: assignment from incompatible pointer type
drivers/power/sec_battery.c:288: warning: "CONFIG_TARGET_LOCALE_NA" is not defined
drivers/power/sec_battery.c:2036: warning: "CONFIG_TARGET_LOCALE_NA" is not defined
drivers/power/sec_battery.c:2084: warning: "CONFIG_TARGET_LOCALE_NA" is not defined
drivers/power/sec_battery.c:2120: warning: "CONFIG_TARGET_LOCALE_NA" is not defined
drivers/power/sec_battery.c: In function 'sec_bat_store':
drivers/power/sec_battery.c:2347: warning: "CONFIG_TARGET_LOCALE_NA" is not defined
drivers/power/sec_battery.c:2360: warning: "CONFIG_TARGET_LOCALE_NA" is not defined
drivers/power/sec_battery.c: In function 'sec_bat_probe':
drivers/power/sec_battery.c:2729: warning: "CONFIG_TARGET_LOCALE_NA" is not defined
  CC      drivers/media/video/samsung/mali/linux/mali_osk_indir_mmap.o
  CC      drivers/media/video/samsung/mfc5x/mfc_dev.o
  CC      drivers/media/video/samsung/mali/common/mali_kernel_rendercore.o
  CC      net/netfilter/xt_mark.o
  CC      drivers/media/video/samsung/mali/common/mali_kernel_descriptor_mapping.o
  LD      net/unix/unix.o
  LD      net/unix/built-in.o
  CC      net/netfilter/xt_connmark.o
  CC      net/netfilter/xt_CLASSIFY.o
  CC      drivers/power/max8997-charger.o
  CC      net/ipv4/proc.o
  CC      net/ipv4/fib_rules.o
  CC      drivers/media/video/samsung/mfc5x/mfc_dec.o
  CC      net/ipv4/esp4.o
  CC      net/netfilter/xt_NFQUEUE.o
  CC      drivers/net/ppp_async.o
  CC      drivers/power/max8922-charger.o
  CC      drivers/media/video/samsung/mali/platform/orion-m400/mali_platform.o
  CC      drivers/media/video/samsung/mali/linux/mali_osk_irq.o
drivers/power/max8922-charger.c:135: warning: 'max8922_chg_ing_irq' defined but not used
  CC      drivers/media/video/samsung/mali/linux/mali_osk_low_level_mem.o
  CC      net/netfilter/xt_comment.o
  LD      drivers/power/power_supply.o
  LD      drivers/power/built-in.o
  CC      drivers/media/video/samsung/mali/linux/mali_osk_mali.o
  CC      net/netfilter/xt_connbytes.o
  CC      net/netfilter/xt_connlimit.o
  CC      net/ipv4/tunnel4.o
  CC      net/ipv4/xfrm4_mode_transport.o
  CC      drivers/media/video/samsung/mali/linux/mali_osk_notification.o
  CC      drivers/net/ppp_synctty.o
  CC      drivers/media/video/samsung/mfc5x/mfc_enc.o
  CC      drivers/media/video/samsung/mfc5x/mfc_inst.o
  CC      drivers/media/video/samsung/mali/linux/mali_osk_time.o
  CC      drivers/media/video/samsung/mali/linux/mali_osk_timers.o
  CC      drivers/media/video/samsung/mali/linux/mali_ukk_mem.o
  CC      drivers/media/video/samsung/mhl_v1/sii9234.o
  CC      drivers/media/video/samsung/mhl_v1/si_RegioCbus.o
  CC      drivers/media/video/samsung/mhl_v1/SiI9234_I2C_master.o
  CC      net/netfilter/xt_conntrack.o
  CC      drivers/media/video/samsung/mfc5x/mfc_cmd.o
  CC      net/ipv4/ipconfig.o
  CC      drivers/net/ppp_deflate.o
drivers/media/video/samsung/mhl_v1/sii9234.c: In function 'sii9234_cfg_power':
drivers/media/video/samsung/mhl_v1/sii9234.c:638: warning: label 'out' defined but not used
  CC      drivers/net/bsd_comp.o
  CC      drivers/media/video/samsung/mali/linux/mali_ukk_gp.o
drivers/media/video/samsung/mhl_v1/SiI9234_I2C_master.c:58: warning: "READ" redefined
include/linux/fs.h:149: note: this is the location of the previous definition
drivers/media/video/samsung/mhl_v1/SiI9234_I2C_master.c:59: warning: "WRITE" redefined
include/linux/fs.h:150: note: this is the location of the previous definition
  CC      drivers/net/ppp_mppe.o
  CC      drivers/media/video/samsung/mali/linux/mali_ukk_pp.o
  CC      drivers/media/video/samsung/mfc5x/mfc_shm.o
  CC      drivers/media/video/samsung/mfc5x/mfc_reg.o
  CC      drivers/media/video/samsung/mfc5x/mfc_buf.o
  CC      net/ipv4/netfilter.o
  CC      drivers/media/video/samsung/mali/linux/mali_ukk_core.o
  CC      net/ipv4/netfilter/nf_nat_rule.o
  CC      net/netfilter/xt_hashlimit.o
  CC      drivers/media/video/samsung/mhl_v1/sii9234_driver.o
  CC      drivers/net/pppox.o
  CC      drivers/media/video/samsung/mali/common/pmm/mali_pmm.o
drivers/media/video/samsung/mhl_v1/sii9234_driver.c: In function 'InitCBusRegs':
drivers/media/video/samsung/mhl_v1/sii9234_driver.c:1106: warning: large integer implicitly truncated to unsigned type
drivers/media/video/samsung/mhl_v1/sii9234_driver.c:1108: warning: large integer implicitly truncated to unsigned type
drivers/media/video/samsung/mhl_v1/sii9234_driver.c:1111: warning: large integer implicitly truncated to unsigned type
drivers/media/video/samsung/mhl_v1/sii9234_driver.c:1112: warning: large integer implicitly truncated to unsigned type
drivers/media/video/samsung/mhl_v1/sii9234_driver.c:1115: warning: large integer implicitly truncated to unsigned type
drivers/media/video/samsung/mhl_v1/sii9234_driver.c: In function 'ProcessRgnd':
drivers/media/video/samsung/mhl_v1/sii9234_driver.c:1296: warning: too many arguments for format
drivers/media/video/samsung/mhl_v1/sii9234_driver.c: In function 'AppRcpDemo':
drivers/media/video/samsung/mhl_v1/sii9234_driver.c:2575: warning: too many arguments for format
drivers/media/video/samsung/mhl_v1/sii9234_driver.c:2579: warning: too many arguments for format
drivers/media/video/samsung/mhl_v1/sii9234_driver.c:2583: warning: too many arguments for format
drivers/media/video/samsung/mhl_v1/sii9234_driver.c:2587: warning: too many arguments for format
drivers/media/video/samsung/mhl_v1/sii9234_driver.c:2591: warning: too many arguments for format
drivers/media/video/samsung/mhl_v1/sii9234_driver.c:2595: warning: too many arguments for format
drivers/media/video/samsung/mhl_v1/sii9234_driver.c:2599: warning: too many arguments for format
drivers/media/video/samsung/mhl_v1/sii9234_driver.c:2603: warning: too many arguments for format
drivers/media/video/samsung/mhl_v1/sii9234_driver.c:2607: warning: too many arguments for format
drivers/media/video/samsung/mhl_v1/sii9234_driver.c:2611: warning: too many arguments for format
drivers/media/video/samsung/mhl_v1/sii9234_driver.c:2615: warning: too many arguments for format
drivers/media/video/samsung/mhl_v1/sii9234_driver.c:2619: warning: too many arguments for format
drivers/media/video/samsung/mhl_v1/sii9234_driver.c:2623: warning: too many arguments for format
drivers/media/video/samsung/mhl_v1/sii9234_driver.c:2627: warning: too many arguments for format
drivers/media/video/samsung/mhl_v1/sii9234_driver.c:2631: warning: too many arguments for format
drivers/media/video/samsung/mhl_v1/sii9234_driver.c:2635: warning: too many arguments for format
drivers/media/video/samsung/mhl_v1/sii9234_driver.c:2639: warning: too many arguments for format
drivers/media/video/samsung/mhl_v1/sii9234_driver.c:2643: warning: too many arguments for format
drivers/media/video/samsung/mhl_v1/sii9234_driver.c:2647: warning: too many arguments for format
drivers/media/video/samsung/mhl_v1/sii9234_driver.c:2651: warning: too many arguments for format
drivers/media/video/samsung/mhl_v1/sii9234_driver.c:2655: warning: too many arguments for format
drivers/media/video/samsung/mhl_v1/sii9234_driver.c:2659: warning: too many arguments for format
drivers/media/video/samsung/mhl_v1/sii9234_driver.c:2663: warning: too many arguments for format
drivers/media/video/samsung/mhl_v1/sii9234_driver.c:2667: warning: too many arguments for format
drivers/media/video/samsung/mhl_v1/sii9234_driver.c:2671: warning: too many arguments for format
drivers/media/video/samsung/mhl_v1/sii9234_driver.c:2675: warning: too many arguments for format
drivers/media/video/samsung/mhl_v1/sii9234_driver.c:2679: warning: too many arguments for format
drivers/media/video/samsung/mhl_v1/sii9234_driver.c:2683: warning: too many arguments for format
drivers/media/video/samsung/mhl_v1/sii9234_driver.c:2687: warning: too many arguments for format
drivers/media/video/samsung/mhl_v1/sii9234_driver.c:2691: warning: too many arguments for format
drivers/media/video/samsung/mhl_v1/sii9234_driver.c:2695: warning: too many arguments for format
drivers/media/video/samsung/mhl_v1/sii9234_driver.c:2699: warning: too many arguments for format
drivers/media/video/samsung/mhl_v1/sii9234_driver.c:2703: warning: too many arguments for format
drivers/media/video/samsung/mhl_v1/sii9234_driver.c:2707: warning: too many arguments for format
drivers/media/video/samsung/mhl_v1/sii9234_driver.c:2711: warning: too many arguments for format
drivers/media/video/samsung/mhl_v1/sii9234_driver.c:2715: warning: too many arguments for format
drivers/media/video/samsung/mhl_v1/sii9234_driver.c:2719: warning: too many arguments for format
drivers/media/video/samsung/mhl_v1/sii9234_driver.c:2723: warning: too many arguments for format
drivers/media/video/samsung/mhl_v1/sii9234_driver.c:2727: warning: too many arguments for format
drivers/media/video/samsung/mhl_v1/sii9234_driver.c:2731: warning: too many arguments for format
drivers/media/video/samsung/mhl_v1/sii9234_driver.c:2735: warning: too many arguments for format
drivers/media/video/samsung/mhl_v1/sii9234_driver.c:2739: warning: too many arguments for format
drivers/media/video/samsung/mhl_v1/sii9234_driver.c:2743: warning: too many arguments for format
drivers/media/video/samsung/mhl_v1/sii9234_driver.c: At top level:
drivers/media/video/samsung/mhl_v1/sii9234_driver.c:1430: warning: 'For_check_resen_int' defined but not used
  CC      drivers/media/video/samsung/mfc5x/mfc_pm.o
drivers/media/video/samsung/mfc5x/mfc_pm.c: In function 'mfc_cpufreq_transition':
drivers/media/video/samsung/mfc5x/mfc_pm.c:100: warning: unused variable 'freqs'
  CC      drivers/media/video/samsung/mali/common/pmm/mali_pmm_policy.o
  CC      net/ipv4/netfilter/nf_nat_standalone.o
  CC      drivers/media/video/samsung/mali/common/pmm/mali_pmm_policy_alwayson.o
  CC      drivers/media/video/samsung/mfc5x/mfc_ctrl.o
  CC      drivers/regulator/core.o
  CC      drivers/media/video/samsung/mali/common/pmm/mali_pmm_policy_jobcontrol.o
  CC      drivers/media/video/samsung/mali/common/pmm/mali_pmm_state.o
  CC      drivers/media/video/samsung/mfc5x/mfc_mem.o
  CC      net/netfilter/xt_helper.o
  CC      drivers/media/video/samsung/mali/linux/mali_kernel_pm.o
  CC      net/netfilter/xt_hl.o
  CC      drivers/net/pppoe.o
  CC      net/ipv4/netfilter/nf_conntrack_l3proto_ipv4.o
  LD      drivers/media/video/samsung/mfc5x/built-in.o
drivers/media/video/samsung/mali/linux/mali_kernel_pm.c:166: warning: 'mali_pm_os_suspend' declared 'static' but never defined
drivers/media/video/samsung/mali/linux/mali_kernel_pm.c:172: warning: 'mali_pm_os_resume' declared 'static' but never defined
  CC      drivers/net/pppolac.o
  CC      drivers/media/video/samsung/mhl_v1/si_apiCbus.o
  CC      drivers/media/video/samsung/mhl_v1/si_cpCbus.o
  CC      drivers/media/video/samsung/mali/linux/mali_osk_pm.o
  CC      net/netfilter/xt_iprange.o
drivers/media/video/samsung/mhl_v1/si_apiCbus.c: In function 'SI_CbusInitialize':
drivers/media/video/samsung/mhl_v1/si_apiCbus.c:1008: warning: unused variable 'port'
drivers/media/video/samsung/mhl_v1/si_apiCbus.c: At top level:
drivers/media/video/samsung/mhl_v1/si_apiCbus.c:609: warning: 'CBusResetToIdle' defined but not used
  CC      drivers/media/video/samsung/mali/linux/mali_device_pause_resume.o
drivers/media/video/samsung/mhl_v1/si_apiCbus.c: In function 'SI_CbusHandler':
drivers/media/video/samsung/mhl_v1/si_apiCbus.c:631: warning: 'vs_cmd' may be used uninitialized in this function
drivers/media/video/samsung/mhl_v1/si_apiCbus.c:631: note: 'vs_cmd' was declared here
drivers/media/video/samsung/mhl_v1/si_apiCbus.c:631: warning: 'vs_data' may be used uninitialized in this function
drivers/media/video/samsung/mhl_v1/si_apiCbus.c:631: note: 'vs_data' was declared here
  CC      drivers/media/video/samsung/mali/common/mali_kernel_utilization.o
  CC      drivers/media/video/samsung/mali/common/mali_kernel_MALI200.o
  CC      drivers/regulator/fixed.o
  LD      drivers/media/video/samsung/mhl_v1/built-in.o
  CC      drivers/media/video/samsung/mali/common/mali_kernel_GP2.o
  CC      drivers/net/pppopns.o
  CC      drivers/net/slhc.o
  CC      drivers/rtc/rtc-lib.o
  CC      net/ipv4/netfilter/nf_conntrack_proto_icmp.o
  CC      net/netfilter/xt_length.o
  CC      drivers/regulator/samsung_pd.o
  CC      drivers/regulator/max8997.o
  CC      drivers/media/video/samsung/mali/common/mali_kernel_mem_mmu.o
  CC      drivers/rtc/hctosys.o
  CC      drivers/rtc/class.o
  CC      drivers/rtc/interface.o
  CC      net/netfilter/xt_limit.o
  CC      net/ipv4/netfilter/nf_conntrack_l3proto_ipv4_compat.o
  CC      net/ipv4/netfilter/nf_nat_core.o
  LD      drivers/regulator/built-in.o
  CC      net/ipv4/netfilter/nf_nat_helper.o
  CC      drivers/net/tun.o
  CC      net/netfilter/xt_mac.o
  CC      net/netfilter/xt_multiport.o
  CC      drivers/rtc/rtc-dev.o
  CC      drivers/media/video/samsung/mali/common/mali_kernel_memory_engine.o
  CC      drivers/media/video/samsung/mali/common/mali_block_allocator.o
  LD      drivers/net/arm/built-in.o
  CC      net/ipv4/netfilter/nf_nat_proto_unknown.o
  CC      drivers/media/video/samsung/mali/common/mali_kernel_mem_os.o
  CC      drivers/media/video/samsung/mali/common/mali_kernel_l2_cache.o
  CC      net/ipv4/inet_diag.o
  CC      net/netfilter/xt_owner.o
  CC      drivers/rtc/rtc-proc.o
  CC      drivers/media/video/samsung/mali/platform/orion-m400/mali_platform_dvfs.o
  CC      drivers/rtc/rtc-sysfs.o
  CC      drivers/rtc/alarm.o
drivers/media/video/samsung/mali/platform/orion-m400/mali_platform_dvfs.c:359: warning: function declaration isn't a prototype
  CC      net/ipv4/netfilter/nf_nat_proto_common.o
  LD      drivers/media/video/samsung/mali/mali.o
  LD      drivers/media/video/samsung/mali/built-in.o
  CC      drivers/media/video/samsung/tvout/s5p_tvout.o
  CC      drivers/media/video/samsung/tvout/s5p_tvout_v4l2.o
  CC      drivers/media/video/samsung/tvout/s5p_tvout_fb.o
  CC      net/netfilter/xt_pkttype.o
  CC      drivers/net/usb/usbnet.o
drivers/media/video/samsung/tvout/s5p_tvout_v4l2.c: In function 's5p_tvout_tvif_ioctl':
drivers/media/video/samsung/tvout/s5p_tvout_v4l2.c:647: warning: ISO C90 forbids mixed declarations and code
  CC      drivers/rtc/alarm-dev.o
  CC      drivers/rtc/rtc-max8997.o
  CC      net/ipv4/netfilter/nf_nat_proto_tcp.o
  CC      drivers/rtc/rtc-s3c.o
  CC      net/netfilter/xt_policy.o
  CC      drivers/media/video/samsung/tvout/s5p_tvout_common_lib.o
  CC      drivers/media/video/samsung/tvout/s5p_mixer_ctrl.o
  CC      drivers/media/video/samsung/tvout/s5p_vp_ctrl.o
  CC      drivers/net/usb/cdc-svnet.o
  CC      net/ipv4/netfilter/nf_nat_proto_udp.o
  CC      net/netfilter/xt_quota.o
  LD      drivers/rtc/rtc-core.o
  LD      drivers/rtc/built-in.o
  CC      net/netfilter/xt_state.o
  CC      drivers/net/usb/sipc4.o
  CC      drivers/media/video/samsung/ump/linux/ump_kernel_linux.o
drivers/net/usb/cdc-svnet.c: In function 'usbsvn_cmd_rx':
drivers/net/usb/cdc-svnet.c:712: warning: control reaches end of non-void function
  CC      drivers/media/video/samsung/tvout/s5p_tvif_ctrl.o
  CC      drivers/media/video/samsung/tvout/hw_if/mixer.o
In file included from drivers/media/video/samsung/ump/common/ump_kernel_types.h:15,
                 from drivers/media/video/samsung/ump/common/ump_kernel_common.h:14,
                 from drivers/media/video/samsung/ump/linux/ump_kernel_linux.c:21:
drivers/media/video/samsung/ump/../mali/common/mali_osk.h:1306: warning: "MALI_STATE_TRACKING" is not defined
  LD      drivers/net/wireless/built-in.o
  LD      drivers/net/wireless/bcm4330/built-in.o
  CC      net/ipv4/netfilter/nf_nat_proto_icmp.o
  CC [M]  drivers/net/wireless/bcm4330/src/dhd/sys/dhd_linux.o
drivers/net/usb/sipc4.c: In function 'print_buf':
drivers/net/usb/sipc4.c:301: warning: initialization discards qualifiers from pointer target type
drivers/net/usb/sipc4.c:308: warning: operation on 'b' may be undefined
drivers/net/usb/sipc4.c:308: warning: operation on 'b' may be undefined
drivers/net/usb/sipc4.c:308: warning: operation on 'b' may be undefined
drivers/net/usb/sipc4.c:308: warning: operation on 'b' may be undefined
drivers/net/usb/sipc4.c:308: warning: operation on 'b' may be undefined
drivers/net/usb/sipc4.c:308: warning: operation on 'b' may be undefined
drivers/net/usb/sipc4.c:308: warning: operation on 'b' may be undefined
drivers/net/usb/sipc4.c:308: warning: operation on 'b' may be undefined
drivers/net/usb/sipc4.c:308: warning: operation on 'b' may be undefined
drivers/net/usb/sipc4.c:308: warning: operation on 'b' may be undefined
drivers/net/usb/sipc4.c:308: warning: operation on 'b' may be undefined
drivers/net/usb/sipc4.c:308: warning: operation on 'b' may be undefined
drivers/net/usb/sipc4.c:308: warning: operation on 'b' may be undefined
drivers/net/usb/sipc4.c:308: warning: operation on 'b' may be undefined
drivers/net/usb/sipc4.c:308: warning: operation on 'b' may be undefined
In file included from drivers/media/video/samsung/ump/common/ump_kernel_types.h:15,
                 from drivers/media/video/samsung/ump/common/ump_kernel_common.h:14,
                 from drivers/media/video/samsung/ump/linux/ump_kernel_linux.c:21:
drivers/media/video/samsung/ump/../mali/common/mali_osk.h:1306: warning: "MALI_STATE_TRACKING" is not defined
  CC      drivers/media/video/samsung/ump/linux/ump_kernel_memory_backend_os.o
  CC      net/netfilter/xt_statistic.o
In file included from drivers/media/video/samsung/ump/common/ump_kernel_types.h:15,
                 from drivers/media/video/samsung/ump/common/ump_kernel_common.h:14,
                 from drivers/media/video/samsung/ump/linux/ump_kernel_memory_backend_os.c:26:
drivers/media/video/samsung/ump/../mali/common/mali_osk.h:1306: warning: "MALI_STATE_TRACKING" is not defined
  CC      drivers/media/video/samsung/ump/linux/ump_kernel_memory_backend_dedicated.o
  CC      drivers/media/video/samsung/tvout/hw_if/vp.o
  CC      drivers/media/video/samsung/tvout/hw_if/hdmi.o
  CC      net/ipv4/netfilter/nf_defrag_ipv4.o
  CC      net/netfilter/xt_string.o
  CC      drivers/net/usb/pdp.o
In file included from drivers/media/video/samsung/ump/common/ump_kernel_types.h:15,
                 from drivers/media/video/samsung/ump/common/ump_kernel_common.h:14,
                 from drivers/media/video/samsung/ump/linux/ump_kernel_memory_backend_dedicated.c:24:
drivers/media/video/samsung/ump/../mali/common/mali_osk.h:1306: warning: "MALI_STATE_TRACKING" is not defined
  CC      net/ipv4/netfilter/nf_nat_amanda.o
drivers/media/video/samsung/tvout/hw_if/hdmi.c: In function 's5p_hdmi_reg_mute':
drivers/media/video/samsung/tvout/hw_if/hdmi.c:1383: warning: unused variable 'reg'
drivers/media/video/samsung/tvout/hw_if/hdmi.c:1382: warning: unused variable 'prev_audio'
  CC      drivers/media/video/samsung/ump/linux/ump_memory_backend.o
In file included from drivers/media/video/samsung/ump/common/ump_osk.h:19,
                 from drivers/media/video/samsung/ump/linux/ump_memory_backend.c:16:
drivers/media/video/samsung/ump/../mali/common/mali_osk.h:1306: warning: "MALI_STATE_TRACKING" is not defined
  CC      drivers/media/video/samsung/ump/linux/ump_ukk_wrappers.o
  CC      net/ipv4/netfilter/nf_nat_ftp.o
In file included from drivers/media/video/samsung/ump/common/ump_osk.h:19,
                 from drivers/media/video/samsung/ump/linux/ump_ukk_wrappers.c:18:
drivers/media/video/samsung/ump/../mali/common/mali_osk.h:1306: warning: "MALI_STATE_TRACKING" is not defined
  CC      net/netfilter/xt_time.o
  CC      drivers/media/video/samsung/ump/linux/ump_ukk_ref_wrappers.o
In file included from drivers/media/video/samsung/ump/common/ump_osk.h:19,
                 from drivers/media/video/samsung/ump/linux/ump_ukk_ref_wrappers.c:19:
drivers/media/video/samsung/ump/../mali/common/mali_osk.h:1306: warning: "MALI_STATE_TRACKING" is not defined
  CC      drivers/media/video/samsung/ump/linux/ump_osk_atomics.o
  CC      drivers/media/video/samsung/ump/linux/ump_osk_low_level_mem.o
  CC      net/netfilter/xt_u32.o
In file included from drivers/media/video/samsung/ump/common/ump_osk.h:19,
                 from drivers/media/video/samsung/ump/linux/ump_osk_atomics.c:16:
drivers/media/video/samsung/ump/../mali/common/mali_osk.h:1306: warning: "MALI_STATE_TRACKING" is not defined
In file included from drivers/media/video/samsung/ump/common/ump_osk.h:19,
                 from drivers/media/video/samsung/ump/linux/ump_osk_low_level_mem.c:19:
drivers/media/video/samsung/ump/../mali/common/mali_osk.h:1306: warning: "MALI_STATE_TRACKING" is not defined
  CC      drivers/media/video/samsung/tvout/hw_if/sdo.o
  LD      drivers/net/usb/built-in.o
  CC      drivers/media/video/samsung/tvout/hw_if/hdcp.o
  CC      net/ipv4/tcp_diag.o
  CC      net/ipv4/netfilter/nf_nat_h323.o
  CC      net/ipv4/netfilter/nf_nat_irc.o
  CC      drivers/media/video/samsung/ump/linux/ump_osk_misc.o
In file included from drivers/media/video/samsung/ump/common/ump_osk.h:19,
                 from drivers/media/video/samsung/ump/linux/ump_osk_misc.c:17:
drivers/media/video/samsung/ump/../mali/common/mali_osk.h:1306: warning: "MALI_STATE_TRACKING" is not defined
  LD      net/netfilter/netfilter.o
  LD      net/netfilter/built-in.o
  CC [M]  drivers/net/wireless/bcm4330/src/dhd/sys/dhd_common.o
  CC      drivers/media/video/samsung/ump/common/ump_kernel_common.o
In file included from drivers/media/video/samsung/ump/common/ump_kernel_common.c:12:
drivers/media/video/samsung/ump/../mali/common/mali_osk.h:1306: warning: "MALI_STATE_TRACKING" is not defined
  CC [M]  drivers/net/wireless/bcm4330/src/dhd/sys/dhd_cdc.o
  CC      drivers/media/video/samsung/ump/common/ump_kernel_descriptor_mapping.o
In file included from drivers/media/video/samsung/ump/common/ump_kernel_descriptor_mapping.c:12:
drivers/media/video/samsung/ump/../mali/common/mali_osk.h:1306: warning: "MALI_STATE_TRACKING" is not defined
  CC      drivers/media/video/samsung/ump/common/ump_kernel_api.o
  CC      net/ipv4/netfilter/nf_nat_pptp.o
In file included from drivers/media/video/samsung/ump/common/ump_kernel_api.c:11:
drivers/media/video/samsung/ump/../mali/common/mali_osk.h:1306: warning: "MALI_STATE_TRACKING" is not defined
  CC      drivers/media/video/samsung/ump/common/ump_kernel_ref_drv.o
In file included from drivers/media/video/samsung/ump/common/ump_kernel_ref_drv.c:11:
drivers/media/video/samsung/ump/../mali/common/mali_osk.h:1306: warning: "MALI_STATE_TRACKING" is not defined
  CC      drivers/media/video/samsung/tvout/s5p_tvout_hpd.o
  CC      drivers/media/video/samsung/tvout/s5p_tvout_cec.o
  CC      drivers/media/video/samsung/tvout/hw_if/cec.o
  CC      drivers/media/video/samsung/ump/../mali/linux/mali_osk_atomics.o
In file included from drivers/media/video/samsung/ump/../mali/linux/mali_osk_atomics.c:16:
drivers/media/video/samsung/ump/../mali/common/mali_osk.h:1306: warning: "MALI_STATE_TRACKING" is not defined
  CC      drivers/media/video/samsung/ump/../mali/linux/mali_osk_locks.o
  CC      drivers/media/video/samsung/ump/../mali/linux/mali_osk_math.o
In file included from drivers/media/video/samsung/ump/../mali/linux/mali_osk_math.c:16:
drivers/media/video/samsung/ump/../mali/common/mali_osk.h:1306: warning: "MALI_STATE_TRACKING" is not defined
In file included from drivers/media/video/samsung/ump/../mali/linux/mali_osk_locks.c:29:
drivers/media/video/samsung/ump/../mali/common/mali_osk.h:1306: warning: "MALI_STATE_TRACKING" is not defined
  CC      net/wireless/wext-core.o
  CC      drivers/media/video/samsung/ump/../mali/linux/mali_osk_memory.o
  CC      drivers/media/video/samsung/ump/../mali/linux/mali_osk_misc.o
In file included from drivers/media/video/samsung/ump/../mali/linux/mali_osk_memory.c:16:
drivers/media/video/samsung/ump/../mali/common/mali_osk.h:1306: warning: "MALI_STATE_TRACKING" is not defined
  CC      net/wireless/wext-proc.o
  CC      net/wireless/wext-priv.o
  CC      net/ipv4/netfilter/nf_nat_sip.o
  LD      drivers/media/video/samsung/tvout/built-in.o
  CC      net/ipv4/netfilter/nf_nat_tftp.o
In file included from drivers/media/video/samsung/ump/../mali/linux/mali_osk_misc.c:20:
drivers/media/video/samsung/ump/../mali/common/mali_osk.h:1306: warning: "MALI_STATE_TRACKING" is not defined
  CC      net/ipv4/netfilter/nf_nat_proto_dccp.o
  LD      drivers/media/video/samsung/ump/ump.o
  LD      drivers/media/video/samsung/ump/built-in.o
  LD      drivers/media/video/samsung/built-in.o
  CC [M]  drivers/net/wireless/bcm4330/src/dhd/sys/dhd_linux_sched.o
  LD      drivers/media/video/built-in.o
  LD      drivers/media/built-in.o
  CC      net/ipv4/netfilter/nf_nat_proto_gre.o
  CC      net/ipv4/netfilter/nf_nat_proto_udplite.o
  CC      net/ipv4/netfilter/nf_nat_proto_sctp.o
  CC      net/ipv4/tcp_cubic.o
  LD      net/wireless/built-in.o
  CC      net/ipv4/xfrm4_policy.o
  CC      net/ipv4/xfrm4_state.o
  CC [M]  drivers/net/wireless/bcm4330/src/dhd/sys/dhd_sdio.o
  CC [M]  drivers/net/wireless/bcm4330/src/dhd/sys/dhd_custom_gpio.o
  CC [M]  drivers/net/wireless/bcm4330/src/dhd/sys/dhd_custom_sec.o
  CC [M]  drivers/net/wireless/bcm4330/src/dhd/sys/dhd_bta.o
  CC      net/ipv4/netfilter/ip_tables.o
  CC      net/ipv4/netfilter/iptable_filter.o
  LD      net/ipv4/netfilter/iptable_nat.o
  CC      net/ipv4/xfrm4_input.o
  CC      net/xfrm/xfrm_policy.o
  CC      net/sysctl_net.o
  CC      net/activity_stats.o
  CC      net/ipv4/xfrm4_output.o
  LD      drivers/samsung/built-in.o
  LD      drivers/samsung/j4fs/built-in.o
  CC [M]  drivers/samsung/j4fs/j4fs_kernel.o
drivers/samsung/j4fs/j4fs_kernel.c: In function 'j4fs_write_begin':
drivers/samsung/j4fs/j4fs_kernel.c:237: warning: format '%d' expects type 'int', but argument 4 has type 'loff_t'
drivers/samsung/j4fs/j4fs_kernel.c:237: warning: format '%d' expects type 'int', but argument 5 has type 'long unsigned int'
drivers/samsung/j4fs/j4fs_kernel.c: In function 'j4fs_fill_super':
drivers/samsung/j4fs/j4fs_kernel.c:1224: warning: unused variable 'len'
drivers/samsung/j4fs/j4fs_kernel.c:1224: warning: unused variable 'tmp'
drivers/samsung/j4fs/j4fs_kernel.c: At top level:
drivers/samsung/j4fs/j4fs_kernel.c:1499: warning: initialization from incompatible pointer type
  LD      drivers/samsung/vibetonz/built-in.o
  CC [M]  drivers/samsung/vibetonz/tspdrv.o
  CC      net/xfrm/xfrm_state.o
  CC      net/ipv4/netfilter/ipt_addrtype.o
  CC      net/xfrm/xfrm_hash.o
  CC [M]  drivers/net/wireless/bcm4330/src/shared/aiutils.o
drivers/samsung/j4fs/j4fs_kernel.c: In function 'j4fs_readdir':
drivers/samsung/j4fs/j4fs_kernel.c:806: warning: the frame size of 1040 bytes is larger than 1024 bytes
  CC      net/ipv4/netfilter/ipt_ah.o
  LD [M]  drivers/samsung/vibetonz/vibrator.o
  CC      net/ipv4/netfilter/ipt_ecn.o
  CC [M]  drivers/samsung/j4fs/llid_kernel.o
  CC      drivers/scsi/scsi.o
drivers/samsung/j4fs/llid_kernel.c: In function 'FlashDevRead':
drivers/samsung/j4fs/llid_kernel.c:98: warning: passing argument 1 of 'printk' makes pointer from integer without a cast
include/linux/kernel.h:253: note: expected 'const char *' but argument is of type 'int'
drivers/samsung/j4fs/llid_kernel.c:65: warning: unused variable 'part_id'
drivers/samsung/j4fs/llid_kernel.c:63: warning: unused variable 'nVol'
drivers/samsung/j4fs/llid_kernel.c: In function 'FlashDevWrite':
drivers/samsung/j4fs/llid_kernel.c:156: warning: passing argument 1 of 'printk' makes pointer from integer without a cast
include/linux/kernel.h:253: note: expected 'const char *' but argument is of type 'int'
drivers/samsung/j4fs/llid_kernel.c:123: warning: unused variable 'part_id'
drivers/samsung/j4fs/llid_kernel.c:121: warning: unused variable 'nVol'
  CC [M]  drivers/samsung/j4fs/fsd_common.o
  CC      drivers/scsi/hosts.o
  CC      drivers/scsi/scsi_ioctl.o
  CC      net/ipv4/netfilter/ipt_LOG.o
drivers/samsung/j4fs/fsd_common.c: In function 'fsd_write':
drivers/samsung/j4fs/fsd_common.c:300: warning: ISO C90 forbids mixed declarations and code
drivers/samsung/j4fs/fsd_common.c: In function 'fsd_reclaim':
drivers/samsung/j4fs/fsd_common.c:1270: warning: ISO C90 forbids mixed declarations and code
  CC      drivers/scsi/constants.o
  CC [M]  drivers/net/wireless/bcm4330/src/shared/bcmutils.o
  CC      net/xfrm/xfrm_input.o
  CC      net/xfrm/xfrm_output.o
  CC      net/ipv4/netfilter/ipt_MASQUERADE.o
  CC [M]  drivers/net/wireless/bcm4330/src/shared/bcmwifi.o
  CC [M]  drivers/net/wireless/bcm4330/src/shared/hndpmu.o
  CC      drivers/scsi/scsicam.o
  LD [M]  drivers/samsung/j4fs/j4fs.o
  CC [M]  drivers/net/wireless/bcm4330/src/shared/linux_osl.o
  CC      net/ipv4/netfilter/ipt_NETMAP.o
  CC      net/xfrm/xfrm_algo.o
  CC [M]  drivers/net/wireless/bcm4330/src/shared/sbutils.o
  CC      net/xfrm/xfrm_sysctl.o
  CC      drivers/scsi/scsi_error.o
  CC      drivers/scsi/scsi_lib.o
  CC      net/ipv4/netfilter/ipt_REDIRECT.o
  CC      drivers/serial/serial_core.o
  CC      drivers/serial/8250.o
  CC      drivers/serial/samsung.o
  CC      net/ipv4/netfilter/ipt_REJECT.o
  CC [M]  drivers/net/wireless/bcm4330/src/shared/siutils.o
  LD      net/xfrm/built-in.o
  CC      drivers/serial/s5pv210.o
  CC      drivers/spi/spi.o
  CC      drivers/staging/staging.o
  CC      net/ipv4/netfilter/arp_tables.o
  CC      net/ipv4/netfilter/arpt_mangle.o
  CC      drivers/scsi/scsi_lib_dma.o
  CC      drivers/staging/android/binder.o
  CC      drivers/spi/spi_bitbang.o
  CC      drivers/spi/spi_gpio.o
  CC      drivers/staging/android/logger.o
  CC      drivers/scsi/scsi_scan.o
  CC [M]  drivers/net/wireless/bcm4330/src/shared/bcmevent.o
  LD      drivers/serial/built-in.o
  CC      drivers/staging/android/ram_console.o
  CC      drivers/staging/android/timed_output.o
  LD      drivers/spi/built-in.o
  CC      drivers/svnet/modemctl.o
  CC      net/ipv4/netfilter/arptable_filter.o
  CC [M]  drivers/net/wireless/bcm4330/src/bcmsdio/sys/bcmsdh_sdmmc.o
  CC [M]  drivers/net/wireless/bcm4330/src/bcmsdio/sys/bcmsdh.o
  CC      drivers/switch/switch_class.o
  CC [M]  drivers/net/wireless/bcm4330/src/bcmsdio/sys/bcmsdh_linux.o
  LD      net/ipv4/netfilter/nf_conntrack_ipv4.o
  LD      net/ipv4/netfilter/nf_nat.o
  LD      net/ipv4/netfilter/built-in.o
  LD      drivers/switch/built-in.o
  CC      drivers/scsi/scsi_sysfs.o
  LD      net/ipv4/built-in.o
  CC      drivers/scsi/scsi_devinfo.o
  LD      net/built-in.o
  LD      drivers/svnet/built-in.o
  CC      drivers/scsi/scsi_sysctl.o
  CC      drivers/staging/android/timed_gpio.o
  CC      drivers/staging/android/lowmemorykiller.o
  CC      drivers/thermal/thermal_sys.o
  CC      drivers/usb/class/usblp.o
  CC      drivers/usb/gadget/s3c_udc_otg.o
  CC [M]  drivers/net/wireless/bcm4330/src/bcmsdio/sys/bcmsdh_sdmmc_linux.o
  CC [M]  drivers/net/wireless/bcm4330/src/wl/sys/wl_iw.o
  CC      drivers/video/fb_notify.o
  LD      drivers/staging/android/built-in.o
  LD      drivers/staging/built-in.o
  CC      drivers/scsi/scsi_proc.o
  CC      drivers/scsi/scsi_trace.o
  CC      drivers/usb/core/usb.o
  CC      drivers/video/fbmem.o
  LD      drivers/thermal/built-in.o
  CC      drivers/usb/core/hub.o
  LD      drivers/usb/class/built-in.o
  CC      drivers/usb/core/hcd.o
  CC      drivers/video/fbmon.o
  CC      drivers/scsi/sd.o
  CC      drivers/usb/gadget/android.o
  CC      drivers/video/fbcmap.o
  LD      drivers/scsi/arm/built-in.o
  LD      drivers/usb/early/built-in.o
  CC      drivers/usb/core/urb.o
  CC      drivers/usb/core/message.o
  CC      drivers/scsi/sg.o
  CC      drivers/video/fbsysfs.o
  CC      drivers/video/modedb.o
  CC      drivers/usb/host/s3c-otg/s3c-otg-hcdi-driver.o
  CC      drivers/usb/host/s3c-otg/s3c-otg-hcdi-hcd.o
  CC      drivers/video/fbcvt.o
  CC      drivers/usb/host/s3c-otg/s3c-otg-transfer-common.o
  CC      drivers/usb/core/driver.o
  CC      drivers/usb/core/config.o
  CC      drivers/usb/gadget/f_acm.o
  CC      drivers/usb/core/file.o
  CC      drivers/video/backlight/lcd.o
  LD [M]  drivers/net/wireless/bcm4330/dhd.o
  LD      drivers/net/built-in.o
  CC      drivers/video/console/dummycon.o
  CC      drivers/usb/host/s3c-otg/s3c-otg-transfer-nonperiodic.o
  CC [M]  drivers/scsi/scsi_wait_scan.o
  CC      drivers/usb/gadget/u_serial.o
  LD      drivers/video/console/built-in.o
  CC      drivers/video/backlight/platform_lcd.o
  LD      drivers/scsi/scsi_mod.o
  LD      drivers/scsi/sd_mod.o
  LD      drivers/scsi/built-in.o
  CC      drivers/video/backlight/backlight.o
  CC      drivers/video/backlight/generic_bl.o
  CC      drivers/usb/host/s3c-otg/s3c-otg-transfer-periodic.o
  CC      drivers/usb/host/s3c-otg/s3c-otg-scheduler-ischeduler.o
  CC      drivers/usb/gadget/serial_acm.o
  CC      drivers/usb/core/buffer.o
  CC      drivers/usb/core/sysfs.o
  CC      drivers/usb/core/endpoint.o
  CC      drivers/usb/core/devio.o
  CC      drivers/usb/host/s3c-otg/s3c-otg-scheduler-scheduler.o
  CC      drivers/usb/host/s3c-otg/s3c-otg-scheduler-readyq.o
  LD      drivers/video/backlight/built-in.o
  LD      drivers/video/display/built-in.o
  CC      drivers/usb/gadget/f_adb.o
  LD      drivers/video/omap2/displays/built-in.o
  LD      drivers/video/omap2/dss/built-in.o
  LD      drivers/video/omap2/omapfb/built-in.o
  CC      drivers/usb/gadget/f_mass_storage.o
  LD      drivers/video/omap2/built-in.o
  CC      drivers/video/samsung/s3cfb_main.o
  CC      drivers/video/samsung/s3cfb_ops.o
  CC      drivers/video/samsung/s3cfb_fimd6x.o
  CC      drivers/usb/host/ehci-hcd.o
  CC      drivers/usb/host/s3c-otg/s3c-otg-oci.o
  CC      drivers/usb/host/s3c-otg/s3c-otg-transferchecker-common.o
  CC      drivers/usb/host/s3c-otg/s3c-otg-transferchecker-control.o
In file included from drivers/usb/host/ehci-hcd.c:1198:
drivers/usb/host/ehci-s5pv210.c:345: warning: initialization from incompatible pointer type
drivers/usb/host/ehci-s5pv210.c: In function 'create_ehci_sys_file':
drivers/usb/host/ehci-s5pv210.c:444: warning: ignoring return value of 'device_create_file', declared with attribute warn_unused_result
drivers/usb/host/ehci-hcd.c: At top level:
drivers/usb/host/ehci-hub.c:109: warning: 'ehci_adjust_port_wakeup_flags' defined but not used
  CC      drivers/usb/host/s3c-otg/s3c-otg-transferchecker-bulk.o
  CC      drivers/video/samsung/s3cfb_mdnie.o
  CC      drivers/video/samsung/s3cfb_ielcd.o
  CC      drivers/video/samsung/ld9040.o
drivers/video/samsung/s3cfb_mdnie.c: In function 's3c_mdnie_unmask':
drivers/video/samsung/s3cfb_mdnie.c:341: warning: unused variable 'mask'
drivers/video/samsung/s3cfb_mdnie.c: In function 'mDNIe_Set_Mode':
drivers/video/samsung/s3cfb_mdnie.c:397: warning: 'return' with a value, in function returning void
drivers/video/samsung/s3cfb_mdnie.c: In function 'mDNIe_User_Select_Mode':
drivers/video/samsung/s3cfb_mdnie.c:559: warning: 'return' with a value, in function returning void
drivers/video/samsung/s3cfb_mdnie.c: In function 'mDNIe_init_Mode_Set':
drivers/video/samsung/s3cfb_mdnie.c:583: warning: 'return' with a value, in function returning void
drivers/video/samsung/s3cfb_mdnie.c: In function 'mdnieset_user_select_file_cmd_store':
drivers/video/samsung/s3cfb_mdnie.c:797: warning: unknown escape sequence '\m'
drivers/video/samsung/s3cfb_mdnie.c: In function 'mdnieset_init_file_cmd_store':
drivers/video/samsung/s3cfb_mdnie.c:834: warning: unknown escape sequence '\m'
  CC      drivers/usb/core/notify.o
  CC      drivers/usb/core/generic.o
  CC      drivers/usb/host/s3c-otg/s3c-otg-transferchecker-interrupt.o
  CC      drivers/usb/core/quirks.o
  CC      drivers/usb/core/devices.o
  CC      drivers/usb/gadget/f_mtp_samsung.o
  CC      drivers/usb/gadget/f_rndis.o
  CC      drivers/usb/gadget/u_ether.o
  CC      drivers/usb/host/s3c-otg/s3c-otg-isr.o
  LD      drivers/usb/misc/built-in.o
  CC      drivers/usb/host/s3c-otg/s3c-otg-roothub.o
  LD      drivers/video/samsung/s3cfb.o
  LD      drivers/video/samsung/built-in.o
  CC      drivers/video/cfbfillrect.o
drivers/usb/gadget/f_mtp_samsung.c: In function 'mtpg_function_setup':
drivers/usb/gadget/f_mtp_samsung.c:1132: warning: unused variable 'w_index'
  CC      drivers/usb/core/inode.o
  CC      drivers/video/cfbcopyarea.o
  LD      drivers/usb/host/s3c-otg/s3c_otg_hcd.o
  LD      drivers/usb/host/s3c-otg/built-in.o
  CC      drivers/usb/notify/host_notify_class.o
  CC      drivers/usb/storage/scsiglue.o
  CC      drivers/usb/storage/protocol.o
  CC      drivers/usb/storage/transport.o
  LD      drivers/usb/gadget/built-in.o
  CC      drivers/video/cfbimgblt.o
  CC      drivers/usb/storage/usb.o
  LD      drivers/usb/notify/built-in.o
  CC      drivers/usb/storage/initializers.o
  LD      drivers/usb/core/usbcore.o
  LD      drivers/usb/core/built-in.o
  LD      drivers/video/fb.o
  CC      drivers/usb/storage/sierra_ms.o
  LD      drivers/usb/host/built-in.o
  CC      drivers/usb/storage/option_ms.o
  CC      drivers/usb/storage/usual-tables.o
  LD      drivers/video/built-in.o
  LD      drivers/usb/storage/usb-storage.o
  LD      drivers/usb/storage/built-in.o
  LD      drivers/usb/built-in.o
  LD      drivers/built-in.o
  LD      vmlinux.o
  MODPOST vmlinux.o
WARNING: modpost: Found 14 section mismatch(es).
To see full details build your kernel with:
'make CONFIG_DEBUG_SECTION_MISMATCH=y'
  GEN     .version
  CHK     include/generated/compile.h
  UPD     include/generated/compile.h
  CC      init/version.o
  LD      init/built-in.o
  LD      .tmp_vmlinux1
  KSYM    .tmp_kallsyms1.S
  AS      .tmp_kallsyms1.o
  LD      .tmp_vmlinux2
  KSYM    .tmp_kallsyms2.S
  AS      .tmp_kallsyms2.o
  LD      vmlinux
  SYSMAP  System.map
  SYSMAP  .tmp_System.map
  OBJCOPY arch/arm/boot/Image
  Building modules, stage 2.
  MODPOST 6 modules
  Kernel: arch/arm/boot/Image is ready
  CC      drivers/bluetooth/bthid/bthid.mod.o
  CC      drivers/media/video/gspca/gspca_main.mod.o
  CC      drivers/net/wireless/bcm4330/dhd.mod.o
  CC      drivers/samsung/j4fs/j4fs.mod.o
  CC      drivers/samsung/vibetonz/vibrator.mod.o
  CC      drivers/scsi/scsi_wait_scan.mod.o
  AS      arch/arm/boot/compressed/head.o
  GZIP    arch/arm/boot/compressed/piggy.gzip
  CC      arch/arm/boot/compressed/misc.o
In file included from arch/arm/plat-samsung/include/plat/uncompress.h:30,
                 from arch/arm/mach-s5pv310/include/mach/uncompress.h:17,
                 from arch/arm/boot/compressed/misc.c:38:
arch/arm/plat-samsung/include/plat/regs-serial.h:274: warning: 'struct uart_port' declared inside parameter list
arch/arm/plat-samsung/include/plat/regs-serial.h:274: warning: its scope is only this definition or declaration, which is probably not what you want
  CC      arch/arm/boot/compressed/decompress.o
  LD [M]  drivers/bluetooth/bthid/bthid.ko
  LD [M]  drivers/samsung/vibetonz/vibrator.ko
  LD [M]  drivers/media/video/gspca/gspca_main.ko
  SHIPPED arch/arm/boot/compressed/lib1funcs.S
  LD [M]  drivers/net/wireless/bcm4330/dhd.ko
  LD [M]  drivers/samsung/j4fs/j4fs.ko
  LD [M]  drivers/scsi/scsi_wait_scan.ko
  AS      arch/arm/boot/compressed/lib1funcs.o
  AS      arch/arm/boot/compressed/piggy.gzip.o
  LD      arch/arm/boot/compressed/vmlinux
  OBJCOPY arch/arm/boot/zImage
  Kernel: arch/arm/boot/zImage is ready
